In file included from /mnt/c/Users/ALI/Projects/Salam/src/stage/parser/parser_parse/parser_parse_node/parser_parse_node.h:12,
                 from /mnt/c/Users/ALI/Projects/Salam/src/stage/parser/parser_parse/parser_parse_all/parser_parse_all.h:16,
                 from ./main.h:33,
                 from ./main.c:1:
/mnt/c/Users/ALI/Projects/Salam/src/stage/ast/type.h:189:9: warning: struct has no members [-Wpedantic]
  189 | typedef struct
      |         ^~~~~~
/mnt/c/Users/ALI/Projects/Salam/src/stage/ast/type.h:298:3: error: conflicting types for ‘ast_kind_type_t’; have ‘enum <anonymous>’
  298 | } ast_kind_type_t;
      |   ^~~~~~~~~~~~~~~
/mnt/c/Users/ALI/Projects/Salam/src/stage/ast/type.h:173:3: note: previous declaration of ‘ast_kind_type_t’ with type ‘ast_kind_type_t’
  173 | } ast_kind_type_t;
      |   ^~~~~~~~~~~~~~~
/mnt/c/Users/ALI/Projects/Salam/src/stage/parser/parser_parse/parser_parse_node/parser_parse_node.h:21:10: fatal error: stage/parser/parser_parse_function_decl/parser_parse_function_decl.h: No such file or directory
   21 | #include <stage/parser/parser_parse_function_decl/parser_parse_function_decl.h>
      |          ^~~~~~~~~~~~~~~~~~~~~~~~~~~~~~~~~~~~~~~~~~~~~~~~~~~~~~~~~~~~~~~~~~~~~~
compilation terminated.
./stage/ast/asts/ast_argument/ast_arguments/ast_arguments_destroy/ast_arguments_destroy.c:2: warning: ISO C forbids an empty translation unit [-Wpedantic]
./stage/ast/asts/ast_argument/ast_arguments/ast_arguments_direct_destroy/ast_arguments_direct_destroy.c:2: warning: ISO C forbids an empty translation unit [-Wpedantic]
./stage/ast/asts/ast_argument/ast_arguments/ast_arguments_json/ast_arguments_json.c:2: warning: ISO C forbids an empty translation unit [-Wpedantic]
./stage/ast/asts/ast_argument/ast_arguments/ast_arguments_log/ast_arguments_log.c:2: warning: ISO C forbids an empty translation unit [-Wpedantic]
./stage/ast/asts/ast_argument/ast_argument_item/ast_argument_destroy/ast_argument_destroy.c:2: warning: ISO C forbids an empty translation unit [-Wpedantic]
./stage/ast/asts/ast_argument/ast_argument_item/ast_argument_direct_destroy/ast_argument_direct_destroy.c:2: warning: ISO C forbids an empty translation unit [-Wpedantic]
./stage/ast/asts/ast_argument/ast_argument_item/ast_argument_json/ast_argument_json.c:2: warning: ISO C forbids an empty translation unit [-Wpedantic]
./stage/ast/asts/ast_argument/ast_argument_item/ast_argument_log/ast_argument_log.c:2: warning: ISO C forbids an empty translation unit [-Wpedantic]
./stage/ast/asts/ast_attribute/ast_attributes/ast_attributes_create/ast_attributes_create.c:2: warning: ISO C forbids an empty translation unit [-Wpedantic]
./stage/ast/asts/ast_attribute/ast_attributes/ast_attributes_destroy/ast_attributes_destroy.c:2: warning: ISO C forbids an empty translation unit [-Wpedantic]
./stage/ast/asts/ast_attribute/ast_attributes/ast_attributes_direct_destroy/ast_attributes_direct_destroy.c:2: warning: ISO C forbids an empty translation unit [-Wpedantic]
./stage/ast/asts/ast_attribute/ast_attributes/ast_attributes_json/ast_attributes_json.c:2: warning: ISO C forbids an empty translation unit [-Wpedantic]
./stage/ast/asts/ast_attribute/ast_attributes/ast_attributes_log/ast_attributes_log.c:2: warning: ISO C forbids an empty translation unit [-Wpedantic]
In file included from /mnt/c/Users/ALI/Projects/Salam/src/stage/ast/asts/ast_attribute/ast_attribute_item/ast_attribute_item_create/ast_attribute_item_create.h:8,
                 from ./stage/ast/asts/ast_attribute/ast_attribute_item/ast_attribute_item_create/ast_attribute_item_create.c:1:
/mnt/c/Users/ALI/Projects/Salam/src/stage/ast/type.h:84:5: error: unknown type name ‘value_t’
   84 |     value_t* value;
      |     ^~~~~~~
/mnt/c/Users/ALI/Projects/Salam/src/stage/ast/type.h:111:5: error: unknown type name ‘token_operator_type_t’
  111 |     token_operator_type_t op_type;
      |     ^~~~~~~~~~~~~~~~~~~~~
/mnt/c/Users/ALI/Projects/Salam/src/stage/ast/type.h:189:9: warning: struct has no members [-Wpedantic]
  189 | typedef struct
      |         ^~~~~~
/mnt/c/Users/ALI/Projects/Salam/src/stage/ast/type.h:222:5: error: unknown type name ‘bool’
  222 |     bool is_last; // true if this is the last statement in the if
      |     ^~~~
/mnt/c/Users/ALI/Projects/Salam/src/stage/ast/type.h:298:3: error: conflicting types for ‘ast_kind_type_t’; have ‘enum <anonymous>’
  298 | } ast_kind_type_t;
      |   ^~~~~~~~~~~~~~~
/mnt/c/Users/ALI/Projects/Salam/src/stage/ast/type.h:173:3: note: previous declaration of ‘ast_kind_type_t’ with type ‘ast_kind_type_t’
  173 | } ast_kind_type_t;
      |   ^~~~~~~~~~~~~~~
/mnt/c/Users/ALI/Projects/Salam/src/stage/ast/type.h:305:5: error: unknown type name ‘bool’
  305 |     bool is_pointer;
      |     ^~~~
/mnt/c/Users/ALI/Projects/Salam/src/stage/ast/type.h:306:5: error: unknown type name ‘bool’
  306 |     bool is_reference;
      |     ^~~~
/mnt/c/Users/ALI/Projects/Salam/src/stage/ast/type.h:307:5: error: unknown type name ‘bool’
  307 |     bool is_const;
      |     ^~~~
In file included from /mnt/c/Users/ALI/Projects/Salam/src/stage/ast/asts/ast_attribute/ast_attribute_item/ast_attribute_item_destroy/ast_attribute_item_destroy.h:11,
                 from ./stage/ast/asts/ast_attribute/ast_attribute_item/ast_attribute_item_destroy/ast_attribute_item_destroy.c:1:
/mnt/c/Users/ALI/Projects/Salam/src/stage/ast/type.h:84:5: error: unknown type name ‘value_t’
   84 |     value_t* value;
      |     ^~~~~~~
/mnt/c/Users/ALI/Projects/Salam/src/stage/ast/type.h:111:5: error: unknown type name ‘token_operator_type_t’
  111 |     token_operator_type_t op_type;
      |     ^~~~~~~~~~~~~~~~~~~~~
/mnt/c/Users/ALI/Projects/Salam/src/stage/ast/type.h:189:9: warning: struct has no members [-Wpedantic]
  189 | typedef struct
      |         ^~~~~~
/mnt/c/Users/ALI/Projects/Salam/src/stage/ast/type.h:222:5: error: unknown type name ‘bool’
  222 |     bool is_last; // true if this is the last statement in the if
      |     ^~~~
/mnt/c/Users/ALI/Projects/Salam/src/stage/ast/type.h:298:3: error: conflicting types for ‘ast_kind_type_t’; have ‘enum <anonymous>’
  298 | } ast_kind_type_t;
      |   ^~~~~~~~~~~~~~~
/mnt/c/Users/ALI/Projects/Salam/src/stage/ast/type.h:173:3: note: previous declaration of ‘ast_kind_type_t’ with type ‘ast_kind_type_t’
  173 | } ast_kind_type_t;
      |   ^~~~~~~~~~~~~~~
/mnt/c/Users/ALI/Projects/Salam/src/stage/ast/type.h:305:5: error: unknown type name ‘bool’
  305 |     bool is_pointer;
      |     ^~~~
/mnt/c/Users/ALI/Projects/Salam/src/stage/ast/type.h:306:5: error: unknown type name ‘bool’
  306 |     bool is_reference;
      |     ^~~~
/mnt/c/Users/ALI/Projects/Salam/src/stage/ast/type.h:307:5: error: unknown type name ‘bool’
  307 |     bool is_const;
      |     ^~~~
In file included from /mnt/c/Users/ALI/Projects/Salam/src/stage/ast/asts/ast_attribute/ast_attribute_item/ast_attribute_item_destroy/ast_attribute_item_destroy.h:12:
/mnt/c/Users/ALI/Projects/Salam/src/stage/ast/ast_destroy/ast_destroy.h:12:10: fatal error: stage/ast/asts/ast_variable_decl/ast_variable_decl_direct_destroy/ast_variable_decl_direct_destroy.h: No such file or directory
   12 | #include <stage/ast/asts/ast_variable_decl/ast_variable_decl_direct_destroy/ast_variable_decl_direct_destroy.h>
      |          ^~~~~~~~~~~~~~~~~~~~~~~~~~~~~~~~~~~~~~~~~~~~~~~~~~~~~~~~~~~~~~~~~~~~~~~~~~~~~~~~~~~~~~~~~~~~~~~~~~~~~~
compilation terminated.
In file included from /mnt/c/Users/ALI/Projects/Salam/src/stage/ast/asts/ast_attribute/ast_attribute_item/ast_attribute_item_direct_destroy/ast_attribute_item_direct_destroy.h:11,
                 from ./stage/ast/asts/ast_attribute/ast_attribute_item/ast_attribute_item_direct_destroy/ast_attribute_item_direct_destroy.c:1:
/mnt/c/Users/ALI/Projects/Salam/src/stage/ast/type.h:84:5: error: unknown type name ‘value_t’
   84 |     value_t* value;
      |     ^~~~~~~
/mnt/c/Users/ALI/Projects/Salam/src/stage/ast/type.h:111:5: error: unknown type name ‘token_operator_type_t’
  111 |     token_operator_type_t op_type;
      |     ^~~~~~~~~~~~~~~~~~~~~
/mnt/c/Users/ALI/Projects/Salam/src/stage/ast/type.h:189:9: warning: struct has no members [-Wpedantic]
  189 | typedef struct
      |         ^~~~~~
/mnt/c/Users/ALI/Projects/Salam/src/stage/ast/type.h:222:5: error: unknown type name ‘bool’
  222 |     bool is_last; // true if this is the last statement in the if
      |     ^~~~
/mnt/c/Users/ALI/Projects/Salam/src/stage/ast/type.h:298:3: error: conflicting types for ‘ast_kind_type_t’; have ‘enum <anonymous>’
  298 | } ast_kind_type_t;
      |   ^~~~~~~~~~~~~~~
/mnt/c/Users/ALI/Projects/Salam/src/stage/ast/type.h:173:3: note: previous declaration of ‘ast_kind_type_t’ with type ‘ast_kind_type_t’
  173 | } ast_kind_type_t;
      |   ^~~~~~~~~~~~~~~
/mnt/c/Users/ALI/Projects/Salam/src/stage/ast/type.h:305:5: error: unknown type name ‘bool’
  305 |     bool is_pointer;
      |     ^~~~
/mnt/c/Users/ALI/Projects/Salam/src/stage/ast/type.h:306:5: error: unknown type name ‘bool’
  306 |     bool is_reference;
      |     ^~~~
/mnt/c/Users/ALI/Projects/Salam/src/stage/ast/type.h:307:5: error: unknown type name ‘bool’
  307 |     bool is_const;
      |     ^~~~
In file included from /mnt/c/Users/ALI/Projects/Salam/src/stage/ast/asts/ast_attribute/ast_attribute_item/ast_attribute_item_direct_destroy/ast_attribute_item_direct_destroy.h:12:
/mnt/c/Users/ALI/Projects/Salam/src/stage/ast/ast_destroy/ast_destroy.h:12:10: fatal error: stage/ast/asts/ast_variable_decl/ast_variable_decl_direct_destroy/ast_variable_decl_direct_destroy.h: No such file or directory
   12 | #include <stage/ast/asts/ast_variable_decl/ast_variable_decl_direct_destroy/ast_variable_decl_direct_destroy.h>
      |          ^~~~~~~~~~~~~~~~~~~~~~~~~~~~~~~~~~~~~~~~~~~~~~~~~~~~~~~~~~~~~~~~~~~~~~~~~~~~~~~~~~~~~~~~~~~~~~~~~~~~~~
compilation terminated.
./stage/ast/asts/ast_attribute/ast_attribute_item/ast_attribute_item_json/ast_attribute_item_json.c:1:10: fatal error: stage/ast/asts/ast_extern/ast_attribute_item/ast_attribute_item_json/ast_attribute_item_json.h: No such file or directory
    1 | #include <stage/ast/asts/ast_extern/ast_attribute_item/ast_attribute_item_json/ast_attribute_item_json.h>
      |          ^~~~~~~~~~~~~~~~~~~~~~~~~~~~~~~~~~~~~~~~~~~~~~~~~~~~~~~~~~~~~~~~~~~~~~~~~~~~~~~~~~~~~~~~~~~~~~~~
compilation terminated.
In file included from /mnt/c/Users/ALI/Projects/Salam/src/stage/ast/asts/ast_attribute/ast_attribute_item/ast_attribute_item_log/ast_attribute_item_log.h:11,
                 from ./stage/ast/asts/ast_attribute/ast_attribute_item/ast_attribute_item_log/ast_attribute_item_log.c:1:
/mnt/c/Users/ALI/Projects/Salam/src/stage/ast/type.h:84:5: error: unknown type name ‘value_t’
   84 |     value_t* value;
      |     ^~~~~~~
/mnt/c/Users/ALI/Projects/Salam/src/stage/ast/type.h:111:5: error: unknown type name ‘token_operator_type_t’
  111 |     token_operator_type_t op_type;
      |     ^~~~~~~~~~~~~~~~~~~~~
/mnt/c/Users/ALI/Projects/Salam/src/stage/ast/type.h:189:9: warning: struct has no members [-Wpedantic]
  189 | typedef struct
      |         ^~~~~~
/mnt/c/Users/ALI/Projects/Salam/src/stage/ast/type.h:222:5: error: unknown type name ‘bool’
  222 |     bool is_last; // true if this is the last statement in the if
      |     ^~~~
/mnt/c/Users/ALI/Projects/Salam/src/stage/ast/type.h:298:3: error: conflicting types for ‘ast_kind_type_t’; have ‘enum <anonymous>’
  298 | } ast_kind_type_t;
      |   ^~~~~~~~~~~~~~~
/mnt/c/Users/ALI/Projects/Salam/src/stage/ast/type.h:173:3: note: previous declaration of ‘ast_kind_type_t’ with type ‘ast_kind_type_t’
  173 | } ast_kind_type_t;
      |   ^~~~~~~~~~~~~~~
/mnt/c/Users/ALI/Projects/Salam/src/stage/ast/type.h:305:5: error: unknown type name ‘bool’
  305 |     bool is_pointer;
      |     ^~~~
/mnt/c/Users/ALI/Projects/Salam/src/stage/ast/type.h:306:5: error: unknown type name ‘bool’
  306 |     bool is_reference;
      |     ^~~~
/mnt/c/Users/ALI/Projects/Salam/src/stage/ast/type.h:307:5: error: unknown type name ‘bool’
  307 |     bool is_const;
      |     ^~~~
In file included from /mnt/c/Users/ALI/Projects/Salam/src/stage/ast/asts/ast_block/ast_block_create/ast_block_create.h:13,
                 from ./stage/ast/asts/ast_block/ast_block_create/ast_block_create.c:1:
/mnt/c/Users/ALI/Projects/Salam/src/stage/ast/type.h:84:5: error: unknown type name ‘value_t’
   84 |     value_t* value;
      |     ^~~~~~~
/mnt/c/Users/ALI/Projects/Salam/src/stage/ast/type.h:111:5: error: unknown type name ‘token_operator_type_t’
  111 |     token_operator_type_t op_type;
      |     ^~~~~~~~~~~~~~~~~~~~~
/mnt/c/Users/ALI/Projects/Salam/src/stage/ast/type.h:189:9: warning: struct has no members [-Wpedantic]
  189 | typedef struct
      |         ^~~~~~
/mnt/c/Users/ALI/Projects/Salam/src/stage/ast/type.h:222:5: error: unknown type name ‘bool’
  222 |     bool is_last; // true if this is the last statement in the if
      |     ^~~~
/mnt/c/Users/ALI/Projects/Salam/src/stage/ast/type.h:298:3: error: conflicting types for ‘ast_kind_type_t’; have ‘enum <anonymous>’
  298 | } ast_kind_type_t;
      |   ^~~~~~~~~~~~~~~
/mnt/c/Users/ALI/Projects/Salam/src/stage/ast/type.h:173:3: note: previous declaration of ‘ast_kind_type_t’ with type ‘ast_kind_type_t’
  173 | } ast_kind_type_t;
      |   ^~~~~~~~~~~~~~~
/mnt/c/Users/ALI/Projects/Salam/src/stage/ast/type.h:305:5: error: unknown type name ‘bool’
  305 |     bool is_pointer;
      |     ^~~~
/mnt/c/Users/ALI/Projects/Salam/src/stage/ast/type.h:306:5: error: unknown type name ‘bool’
  306 |     bool is_reference;
      |     ^~~~
/mnt/c/Users/ALI/Projects/Salam/src/stage/ast/type.h:307:5: error: unknown type name ‘bool’
  307 |     bool is_const;
      |     ^~~~
In file included from /mnt/c/Users/ALI/Projects/Salam/src/stage/ast/asts/ast_block/ast_block_create/ast_block_create.h:15:
/mnt/c/Users/ALI/Projects/Salam/src/stage/ast/ast_destroy/ast_destroy.h:12:10: fatal error: stage/ast/asts/ast_variable_decl/ast_variable_decl_direct_destroy/ast_variable_decl_direct_destroy.h: No such file or directory
   12 | #include <stage/ast/asts/ast_variable_decl/ast_variable_decl_direct_destroy/ast_variable_decl_direct_destroy.h>
      |          ^~~~~~~~~~~~~~~~~~~~~~~~~~~~~~~~~~~~~~~~~~~~~~~~~~~~~~~~~~~~~~~~~~~~~~~~~~~~~~~~~~~~~~~~~~~~~~~~~~~~~~
compilation terminated.
In file included from /mnt/c/Users/ALI/Projects/Salam/src/stage/ast/asts/ast_block/ast_block_destroy/ast_block_destroy.h:14,
                 from ./stage/ast/asts/ast_block/ast_block_destroy/ast_block_destroy.c:1:
/mnt/c/Users/ALI/Projects/Salam/src/stage/ast/type.h:84:5: error: unknown type name ‘value_t’
   84 |     value_t* value;
      |     ^~~~~~~
/mnt/c/Users/ALI/Projects/Salam/src/stage/ast/type.h:111:5: error: unknown type name ‘token_operator_type_t’
  111 |     token_operator_type_t op_type;
      |     ^~~~~~~~~~~~~~~~~~~~~
/mnt/c/Users/ALI/Projects/Salam/src/stage/ast/type.h:189:9: warning: struct has no members [-Wpedantic]
  189 | typedef struct
      |         ^~~~~~
/mnt/c/Users/ALI/Projects/Salam/src/stage/ast/type.h:222:5: error: unknown type name ‘bool’
  222 |     bool is_last; // true if this is the last statement in the if
      |     ^~~~
/mnt/c/Users/ALI/Projects/Salam/src/stage/ast/type.h:298:3: error: conflicting types for ‘ast_kind_type_t’; have ‘enum <anonymous>’
  298 | } ast_kind_type_t;
      |   ^~~~~~~~~~~~~~~
/mnt/c/Users/ALI/Projects/Salam/src/stage/ast/type.h:173:3: note: previous declaration of ‘ast_kind_type_t’ with type ‘ast_kind_type_t’
  173 | } ast_kind_type_t;
      |   ^~~~~~~~~~~~~~~
/mnt/c/Users/ALI/Projects/Salam/src/stage/ast/type.h:305:5: error: unknown type name ‘bool’
  305 |     bool is_pointer;
      |     ^~~~
/mnt/c/Users/ALI/Projects/Salam/src/stage/ast/type.h:306:5: error: unknown type name ‘bool’
  306 |     bool is_reference;
      |     ^~~~
/mnt/c/Users/ALI/Projects/Salam/src/stage/ast/type.h:307:5: error: unknown type name ‘bool’
  307 |     bool is_const;
      |     ^~~~
In file included from /mnt/c/Users/ALI/Projects/Salam/src/stage/ast/asts/ast_block/ast_block_destroy/ast_block_destroy.h:15:
/mnt/c/Users/ALI/Projects/Salam/src/stage/ast/ast_destroy/ast_destroy.h:12:10: fatal error: stage/ast/asts/ast_variable_decl/ast_variable_decl_direct_destroy/ast_variable_decl_direct_destroy.h: No such file or directory
   12 | #include <stage/ast/asts/ast_variable_decl/ast_variable_decl_direct_destroy/ast_variable_decl_direct_destroy.h>
      |          ^~~~~~~~~~~~~~~~~~~~~~~~~~~~~~~~~~~~~~~~~~~~~~~~~~~~~~~~~~~~~~~~~~~~~~~~~~~~~~~~~~~~~~~~~~~~~~~~~~~~~~
compilation terminated.
In file included from /mnt/c/Users/ALI/Projects/Salam/src/stage/ast/asts/ast_block/ast_block_destroy/ast_block_destroy.h:14,
                 from ./stage/ast/asts/ast_block/ast_block_direct_destroy/ast_block_direct_destroy.c:1:
/mnt/c/Users/ALI/Projects/Salam/src/stage/ast/type.h:84:5: error: unknown type name ‘value_t’
   84 |     value_t* value;
      |     ^~~~~~~
/mnt/c/Users/ALI/Projects/Salam/src/stage/ast/type.h:111:5: error: unknown type name ‘token_operator_type_t’
  111 |     token_operator_type_t op_type;
      |     ^~~~~~~~~~~~~~~~~~~~~
/mnt/c/Users/ALI/Projects/Salam/src/stage/ast/type.h:189:9: warning: struct has no members [-Wpedantic]
  189 | typedef struct
      |         ^~~~~~
/mnt/c/Users/ALI/Projects/Salam/src/stage/ast/type.h:222:5: error: unknown type name ‘bool’
  222 |     bool is_last; // true if this is the last statement in the if
      |     ^~~~
/mnt/c/Users/ALI/Projects/Salam/src/stage/ast/type.h:298:3: error: conflicting types for ‘ast_kind_type_t’; have ‘enum <anonymous>’
  298 | } ast_kind_type_t;
      |   ^~~~~~~~~~~~~~~
/mnt/c/Users/ALI/Projects/Salam/src/stage/ast/type.h:173:3: note: previous declaration of ‘ast_kind_type_t’ with type ‘ast_kind_type_t’
  173 | } ast_kind_type_t;
      |   ^~~~~~~~~~~~~~~
/mnt/c/Users/ALI/Projects/Salam/src/stage/ast/type.h:305:5: error: unknown type name ‘bool’
  305 |     bool is_pointer;
      |     ^~~~
/mnt/c/Users/ALI/Projects/Salam/src/stage/ast/type.h:306:5: error: unknown type name ‘bool’
  306 |     bool is_reference;
      |     ^~~~
/mnt/c/Users/ALI/Projects/Salam/src/stage/ast/type.h:307:5: error: unknown type name ‘bool’
  307 |     bool is_const;
      |     ^~~~
In file included from /mnt/c/Users/ALI/Projects/Salam/src/stage/ast/asts/ast_block/ast_block_destroy/ast_block_destroy.h:15:
/mnt/c/Users/ALI/Projects/Salam/src/stage/ast/ast_destroy/ast_destroy.h:12:10: fatal error: stage/ast/asts/ast_variable_decl/ast_variable_decl_direct_destroy/ast_variable_decl_direct_destroy.h: No such file or directory
   12 | #include <stage/ast/asts/ast_variable_decl/ast_variable_decl_direct_destroy/ast_variable_decl_direct_destroy.h>
      |          ^~~~~~~~~~~~~~~~~~~~~~~~~~~~~~~~~~~~~~~~~~~~~~~~~~~~~~~~~~~~~~~~~~~~~~~~~~~~~~~~~~~~~~~~~~~~~~~~~~~~~~
compilation terminated.
In file included from /mnt/c/Users/ALI/Projects/Salam/src/stage/ast/asts/ast_block/ast_block_json/ast_block_json.h:12,
                 from ./stage/ast/asts/ast_block/ast_block_json/ast_block_json.c:1:
/mnt/c/Users/ALI/Projects/Salam/src/stage/ast/type.h:84:5: error: unknown type name ‘value_t’
   84 |     value_t* value;
      |     ^~~~~~~
/mnt/c/Users/ALI/Projects/Salam/src/stage/ast/type.h:111:5: error: unknown type name ‘token_operator_type_t’
  111 |     token_operator_type_t op_type;
      |     ^~~~~~~~~~~~~~~~~~~~~
/mnt/c/Users/ALI/Projects/Salam/src/stage/ast/type.h:189:9: warning: struct has no members [-Wpedantic]
  189 | typedef struct
      |         ^~~~~~
/mnt/c/Users/ALI/Projects/Salam/src/stage/ast/type.h:222:5: error: unknown type name ‘bool’
  222 |     bool is_last; // true if this is the last statement in the if
      |     ^~~~
/mnt/c/Users/ALI/Projects/Salam/src/stage/ast/type.h:298:3: error: conflicting types for ‘ast_kind_type_t’; have ‘enum <anonymous>’
  298 | } ast_kind_type_t;
      |   ^~~~~~~~~~~~~~~
/mnt/c/Users/ALI/Projects/Salam/src/stage/ast/type.h:173:3: note: previous declaration of ‘ast_kind_type_t’ with type ‘ast_kind_type_t’
  173 | } ast_kind_type_t;
      |   ^~~~~~~~~~~~~~~
/mnt/c/Users/ALI/Projects/Salam/src/stage/ast/type.h:305:5: error: unknown type name ‘bool’
  305 |     bool is_pointer;
      |     ^~~~
/mnt/c/Users/ALI/Projects/Salam/src/stage/ast/type.h:306:5: error: unknown type name ‘bool’
  306 |     bool is_reference;
      |     ^~~~
/mnt/c/Users/ALI/Projects/Salam/src/stage/ast/type.h:307:5: error: unknown type name ‘bool’
  307 |     bool is_const;
      |     ^~~~
In file included from /mnt/c/Users/ALI/Projects/Salam/src/stage/ast/asts/ast_block/ast_block_log/ast_block_log.h:11,
                 from ./stage/ast/asts/ast_block/ast_block_log/ast_block_log.c:1:
/mnt/c/Users/ALI/Projects/Salam/src/stage/ast/type.h:84:5: error: unknown type name ‘value_t’
   84 |     value_t* value;
      |     ^~~~~~~
/mnt/c/Users/ALI/Projects/Salam/src/stage/ast/type.h:111:5: error: unknown type name ‘token_operator_type_t’
  111 |     token_operator_type_t op_type;
      |     ^~~~~~~~~~~~~~~~~~~~~
/mnt/c/Users/ALI/Projects/Salam/src/stage/ast/type.h:189:9: warning: struct has no members [-Wpedantic]
  189 | typedef struct
      |         ^~~~~~
/mnt/c/Users/ALI/Projects/Salam/src/stage/ast/type.h:222:5: error: unknown type name ‘bool’
  222 |     bool is_last; // true if this is the last statement in the if
      |     ^~~~
/mnt/c/Users/ALI/Projects/Salam/src/stage/ast/type.h:298:3: error: conflicting types for ‘ast_kind_type_t’; have ‘enum <anonymous>’
  298 | } ast_kind_type_t;
      |   ^~~~~~~~~~~~~~~
/mnt/c/Users/ALI/Projects/Salam/src/stage/ast/type.h:173:3: note: previous declaration of ‘ast_kind_type_t’ with type ‘ast_kind_type_t’
  173 | } ast_kind_type_t;
      |   ^~~~~~~~~~~~~~~
/mnt/c/Users/ALI/Projects/Salam/src/stage/ast/type.h:305:5: error: unknown type name ‘bool’
  305 |     bool is_pointer;
      |     ^~~~
/mnt/c/Users/ALI/Projects/Salam/src/stage/ast/type.h:306:5: error: unknown type name ‘bool’
  306 |     bool is_reference;
      |     ^~~~
/mnt/c/Users/ALI/Projects/Salam/src/stage/ast/type.h:307:5: error: unknown type name ‘bool’
  307 |     bool is_const;
      |     ^~~~
In file included from /mnt/c/Users/ALI/Projects/Salam/src/stage/ast/asts/ast_extern/ast_extern_decl/ast_extern_decl_create/ast_extern_decl_create.h:8,
                 from ./stage/ast/asts/ast_extern/ast_extern_decl/ast_extern_decl_create/ast_extern_decl_create.c:1:
/mnt/c/Users/ALI/Projects/Salam/src/stage/ast/type.h:84:5: error: unknown type name ‘value_t’
   84 |     value_t* value;
      |     ^~~~~~~
/mnt/c/Users/ALI/Projects/Salam/src/stage/ast/type.h:111:5: error: unknown type name ‘token_operator_type_t’
  111 |     token_operator_type_t op_type;
      |     ^~~~~~~~~~~~~~~~~~~~~
/mnt/c/Users/ALI/Projects/Salam/src/stage/ast/type.h:189:9: warning: struct has no members [-Wpedantic]
  189 | typedef struct
      |         ^~~~~~
/mnt/c/Users/ALI/Projects/Salam/src/stage/ast/type.h:222:5: error: unknown type name ‘bool’
  222 |     bool is_last; // true if this is the last statement in the if
      |     ^~~~
/mnt/c/Users/ALI/Projects/Salam/src/stage/ast/type.h:298:3: error: conflicting types for ‘ast_kind_type_t’; have ‘enum <anonymous>’
  298 | } ast_kind_type_t;
      |   ^~~~~~~~~~~~~~~
/mnt/c/Users/ALI/Projects/Salam/src/stage/ast/type.h:173:3: note: previous declaration of ‘ast_kind_type_t’ with type ‘ast_kind_type_t’
  173 | } ast_kind_type_t;
      |   ^~~~~~~~~~~~~~~
/mnt/c/Users/ALI/Projects/Salam/src/stage/ast/type.h:305:5: error: unknown type name ‘bool’
  305 |     bool is_pointer;
      |     ^~~~
/mnt/c/Users/ALI/Projects/Salam/src/stage/ast/type.h:306:5: error: unknown type name ‘bool’
  306 |     bool is_reference;
      |     ^~~~
/mnt/c/Users/ALI/Projects/Salam/src/stage/ast/type.h:307:5: error: unknown type name ‘bool’
  307 |     bool is_const;
      |     ^~~~
In file included from /mnt/c/Users/ALI/Projects/Salam/src/stage/ast/asts/ast_extern/ast_extern_decl/ast_extern_decl_destroy/ast_extern_decl_destroy.h:11,
                 from ./stage/ast/asts/ast_extern/ast_extern_decl/ast_extern_decl_destroy/ast_extern_decl_destroy.c:1:
/mnt/c/Users/ALI/Projects/Salam/src/stage/ast/type.h:84:5: error: unknown type name ‘value_t’
   84 |     value_t* value;
      |     ^~~~~~~
/mnt/c/Users/ALI/Projects/Salam/src/stage/ast/type.h:111:5: error: unknown type name ‘token_operator_type_t’
  111 |     token_operator_type_t op_type;
      |     ^~~~~~~~~~~~~~~~~~~~~
/mnt/c/Users/ALI/Projects/Salam/src/stage/ast/type.h:189:9: warning: struct has no members [-Wpedantic]
  189 | typedef struct
      |         ^~~~~~
/mnt/c/Users/ALI/Projects/Salam/src/stage/ast/type.h:222:5: error: unknown type name ‘bool’
  222 |     bool is_last; // true if this is the last statement in the if
      |     ^~~~
/mnt/c/Users/ALI/Projects/Salam/src/stage/ast/type.h:298:3: error: conflicting types for ‘ast_kind_type_t’; have ‘enum <anonymous>’
  298 | } ast_kind_type_t;
      |   ^~~~~~~~~~~~~~~
/mnt/c/Users/ALI/Projects/Salam/src/stage/ast/type.h:173:3: note: previous declaration of ‘ast_kind_type_t’ with type ‘ast_kind_type_t’
  173 | } ast_kind_type_t;
      |   ^~~~~~~~~~~~~~~
/mnt/c/Users/ALI/Projects/Salam/src/stage/ast/type.h:305:5: error: unknown type name ‘bool’
  305 |     bool is_pointer;
      |     ^~~~
/mnt/c/Users/ALI/Projects/Salam/src/stage/ast/type.h:306:5: error: unknown type name ‘bool’
  306 |     bool is_reference;
      |     ^~~~
/mnt/c/Users/ALI/Projects/Salam/src/stage/ast/type.h:307:5: error: unknown type name ‘bool’
  307 |     bool is_const;
      |     ^~~~
In file included from /mnt/c/Users/ALI/Projects/Salam/src/stage/ast/asts/ast_extern/ast_extern_decl/ast_extern_decl_destroy/ast_extern_decl_destroy.h:12:
/mnt/c/Users/ALI/Projects/Salam/src/stage/ast/ast_destroy/ast_destroy.h:12:10: fatal error: stage/ast/asts/ast_variable_decl/ast_variable_decl_direct_destroy/ast_variable_decl_direct_destroy.h: No such file or directory
   12 | #include <stage/ast/asts/ast_variable_decl/ast_variable_decl_direct_destroy/ast_variable_decl_direct_destroy.h>
      |          ^~~~~~~~~~~~~~~~~~~~~~~~~~~~~~~~~~~~~~~~~~~~~~~~~~~~~~~~~~~~~~~~~~~~~~~~~~~~~~~~~~~~~~~~~~~~~~~~~~~~~~
compilation terminated.
In file included from /mnt/c/Users/ALI/Projects/Salam/src/stage/ast/asts/ast_extern/ast_extern_decl/ast_extern_decl_direct_destroy/ast_extern_decl_direct_destroy.h:11,
                 from ./stage/ast/asts/ast_extern/ast_extern_decl/ast_extern_decl_direct_destroy/ast_extern_decl_direct_destroy.c:1:
/mnt/c/Users/ALI/Projects/Salam/src/stage/ast/type.h:84:5: error: unknown type name ‘value_t’
   84 |     value_t* value;
      |     ^~~~~~~
/mnt/c/Users/ALI/Projects/Salam/src/stage/ast/type.h:111:5: error: unknown type name ‘token_operator_type_t’
  111 |     token_operator_type_t op_type;
      |     ^~~~~~~~~~~~~~~~~~~~~
/mnt/c/Users/ALI/Projects/Salam/src/stage/ast/type.h:189:9: warning: struct has no members [-Wpedantic]
  189 | typedef struct
      |         ^~~~~~
/mnt/c/Users/ALI/Projects/Salam/src/stage/ast/type.h:222:5: error: unknown type name ‘bool’
  222 |     bool is_last; // true if this is the last statement in the if
      |     ^~~~
/mnt/c/Users/ALI/Projects/Salam/src/stage/ast/type.h:298:3: error: conflicting types for ‘ast_kind_type_t’; have ‘enum <anonymous>’
  298 | } ast_kind_type_t;
      |   ^~~~~~~~~~~~~~~
/mnt/c/Users/ALI/Projects/Salam/src/stage/ast/type.h:173:3: note: previous declaration of ‘ast_kind_type_t’ with type ‘ast_kind_type_t’
  173 | } ast_kind_type_t;
      |   ^~~~~~~~~~~~~~~
/mnt/c/Users/ALI/Projects/Salam/src/stage/ast/type.h:305:5: error: unknown type name ‘bool’
  305 |     bool is_pointer;
      |     ^~~~
/mnt/c/Users/ALI/Projects/Salam/src/stage/ast/type.h:306:5: error: unknown type name ‘bool’
  306 |     bool is_reference;
      |     ^~~~
/mnt/c/Users/ALI/Projects/Salam/src/stage/ast/type.h:307:5: error: unknown type name ‘bool’
  307 |     bool is_const;
      |     ^~~~
In file included from /mnt/c/Users/ALI/Projects/Salam/src/stage/ast/asts/ast_extern/ast_extern_decl/ast_extern_decl_direct_destroy/ast_extern_decl_direct_destroy.h:12:
/mnt/c/Users/ALI/Projects/Salam/src/stage/ast/ast_destroy/ast_destroy.h:12:10: fatal error: stage/ast/asts/ast_variable_decl/ast_variable_decl_direct_destroy/ast_variable_decl_direct_destroy.h: No such file or directory
   12 | #include <stage/ast/asts/ast_variable_decl/ast_variable_decl_direct_destroy/ast_variable_decl_direct_destroy.h>
      |          ^~~~~~~~~~~~~~~~~~~~~~~~~~~~~~~~~~~~~~~~~~~~~~~~~~~~~~~~~~~~~~~~~~~~~~~~~~~~~~~~~~~~~~~~~~~~~~~~~~~~~~
compilation terminated.
In file included from /mnt/c/Users/ALI/Projects/Salam/src/stage/ast/asts/ast_extern/ast_extern_decl/ast_extern_decl_json/ast_extern_decl_json.h:24,
                 from ./stage/ast/asts/ast_extern/ast_extern_decl/ast_extern_decl_json/ast_extern_decl_json.c:1:
/mnt/c/Users/ALI/Projects/Salam/src/stage/ast/type.h:84:5: error: unknown type name ‘value_t’
   84 |     value_t* value;
      |     ^~~~~~~
/mnt/c/Users/ALI/Projects/Salam/src/stage/ast/type.h:111:5: error: unknown type name ‘token_operator_type_t’
  111 |     token_operator_type_t op_type;
      |     ^~~~~~~~~~~~~~~~~~~~~
/mnt/c/Users/ALI/Projects/Salam/src/stage/ast/type.h:189:9: warning: struct has no members [-Wpedantic]
  189 | typedef struct
      |         ^~~~~~
/mnt/c/Users/ALI/Projects/Salam/src/stage/ast/type.h:222:5: error: unknown type name ‘bool’
  222 |     bool is_last; // true if this is the last statement in the if
      |     ^~~~
/mnt/c/Users/ALI/Projects/Salam/src/stage/ast/type.h:298:3: error: conflicting types for ‘ast_kind_type_t’; have ‘enum <anonymous>’
  298 | } ast_kind_type_t;
      |   ^~~~~~~~~~~~~~~
/mnt/c/Users/ALI/Projects/Salam/src/stage/ast/type.h:173:3: note: previous declaration of ‘ast_kind_type_t’ with type ‘ast_kind_type_t’
  173 | } ast_kind_type_t;
      |   ^~~~~~~~~~~~~~~
/mnt/c/Users/ALI/Projects/Salam/src/stage/ast/type.h:305:5: error: unknown type name ‘bool’
  305 |     bool is_pointer;
      |     ^~~~
/mnt/c/Users/ALI/Projects/Salam/src/stage/ast/type.h:306:5: error: unknown type name ‘bool’
  306 |     bool is_reference;
      |     ^~~~
/mnt/c/Users/ALI/Projects/Salam/src/stage/ast/type.h:307:5: error: unknown type name ‘bool’
  307 |     bool is_const;
      |     ^~~~
In file included from /mnt/c/Users/ALI/Projects/Salam/src/stage/ast/asts/ast_extern/ast_extern_decl/ast_extern_decl_log/ast_extern_decl_log.h:11,
                 from ./stage/ast/asts/ast_extern/ast_extern_decl/ast_extern_decl_log/ast_extern_decl_log.c:1:
/mnt/c/Users/ALI/Projects/Salam/src/stage/ast/type.h:84:5: error: unknown type name ‘value_t’
   84 |     value_t* value;
      |     ^~~~~~~
/mnt/c/Users/ALI/Projects/Salam/src/stage/ast/type.h:111:5: error: unknown type name ‘token_operator_type_t’
  111 |     token_operator_type_t op_type;
      |     ^~~~~~~~~~~~~~~~~~~~~
/mnt/c/Users/ALI/Projects/Salam/src/stage/ast/type.h:189:9: warning: struct has no members [-Wpedantic]
  189 | typedef struct
      |         ^~~~~~
/mnt/c/Users/ALI/Projects/Salam/src/stage/ast/type.h:222:5: error: unknown type name ‘bool’
  222 |     bool is_last; // true if this is the last statement in the if
      |     ^~~~
/mnt/c/Users/ALI/Projects/Salam/src/stage/ast/type.h:298:3: error: conflicting types for ‘ast_kind_type_t’; have ‘enum <anonymous>’
  298 | } ast_kind_type_t;
      |   ^~~~~~~~~~~~~~~
/mnt/c/Users/ALI/Projects/Salam/src/stage/ast/type.h:173:3: note: previous declaration of ‘ast_kind_type_t’ with type ‘ast_kind_type_t’
  173 | } ast_kind_type_t;
      |   ^~~~~~~~~~~~~~~
/mnt/c/Users/ALI/Projects/Salam/src/stage/ast/type.h:305:5: error: unknown type name ‘bool’
  305 |     bool is_pointer;
      |     ^~~~
/mnt/c/Users/ALI/Projects/Salam/src/stage/ast/type.h:306:5: error: unknown type name ‘bool’
  306 |     bool is_reference;
      |     ^~~~
/mnt/c/Users/ALI/Projects/Salam/src/stage/ast/type.h:307:5: error: unknown type name ‘bool’
  307 |     bool is_const;
      |     ^~~~
In file included from /mnt/c/Users/ALI/Projects/Salam/src/stage/ast/asts/ast_extern/ast_extern_function/ast_extern_function_create/ast_extern_function_create.h:8,
                 from ./stage/ast/asts/ast_extern/ast_extern_function/ast_extern_function_create/ast_extern_function_create.c:1:
/mnt/c/Users/ALI/Projects/Salam/src/stage/ast/type.h:84:5: error: unknown type name ‘value_t’
   84 |     value_t* value;
      |     ^~~~~~~
/mnt/c/Users/ALI/Projects/Salam/src/stage/ast/type.h:111:5: error: unknown type name ‘token_operator_type_t’
  111 |     token_operator_type_t op_type;
      |     ^~~~~~~~~~~~~~~~~~~~~
/mnt/c/Users/ALI/Projects/Salam/src/stage/ast/type.h:189:9: warning: struct has no members [-Wpedantic]
  189 | typedef struct
      |         ^~~~~~
/mnt/c/Users/ALI/Projects/Salam/src/stage/ast/type.h:222:5: error: unknown type name ‘bool’
  222 |     bool is_last; // true if this is the last statement in the if
      |     ^~~~
/mnt/c/Users/ALI/Projects/Salam/src/stage/ast/type.h:298:3: error: conflicting types for ‘ast_kind_type_t’; have ‘enum <anonymous>’
  298 | } ast_kind_type_t;
      |   ^~~~~~~~~~~~~~~
/mnt/c/Users/ALI/Projects/Salam/src/stage/ast/type.h:173:3: note: previous declaration of ‘ast_kind_type_t’ with type ‘ast_kind_type_t’
  173 | } ast_kind_type_t;
      |   ^~~~~~~~~~~~~~~
/mnt/c/Users/ALI/Projects/Salam/src/stage/ast/type.h:305:5: error: unknown type name ‘bool’
  305 |     bool is_pointer;
      |     ^~~~
/mnt/c/Users/ALI/Projects/Salam/src/stage/ast/type.h:306:5: error: unknown type name ‘bool’
  306 |     bool is_reference;
      |     ^~~~
/mnt/c/Users/ALI/Projects/Salam/src/stage/ast/type.h:307:5: error: unknown type name ‘bool’
  307 |     bool is_const;
      |     ^~~~
/mnt/c/Users/ALI/Projects/Salam/src/stage/ast/asts/ast_extern/ast_extern_function/ast_extern_function_create/ast_extern_function_create.h:11:35: error: unknown type name ‘ast_extern_function_type_t’; did you mean ‘ast_extern_function_t’?
   11 | ast_t* ast_extern_function_create(ast_extern_function_type_t type, ast_t* value);
      |                                   ^~~~~~~~~~~~~~~~~~~~~~~~~~
      |                                   ast_extern_function_t
In file included from /mnt/c/Users/ALI/Projects/Salam/src/stage/ast/asts/ast_extern/ast_extern_function/ast_extern_function_destroy/ast_extern_function_destroy.h:11,
                 from ./stage/ast/asts/ast_extern/ast_extern_function/ast_extern_function_destroy/ast_extern_function_destroy.c:1:
/mnt/c/Users/ALI/Projects/Salam/src/stage/ast/type.h:84:5: error: unknown type name ‘value_t’
   84 |     value_t* value;
      |     ^~~~~~~
/mnt/c/Users/ALI/Projects/Salam/src/stage/ast/type.h:111:5: error: unknown type name ‘token_operator_type_t’
  111 |     token_operator_type_t op_type;
      |     ^~~~~~~~~~~~~~~~~~~~~
/mnt/c/Users/ALI/Projects/Salam/src/stage/ast/type.h:189:9: warning: struct has no members [-Wpedantic]
  189 | typedef struct
      |         ^~~~~~
/mnt/c/Users/ALI/Projects/Salam/src/stage/ast/type.h:222:5: error: unknown type name ‘bool’
  222 |     bool is_last; // true if this is the last statement in the if
      |     ^~~~
/mnt/c/Users/ALI/Projects/Salam/src/stage/ast/type.h:298:3: error: conflicting types for ‘ast_kind_type_t’; have ‘enum <anonymous>’
  298 | } ast_kind_type_t;
      |   ^~~~~~~~~~~~~~~
/mnt/c/Users/ALI/Projects/Salam/src/stage/ast/type.h:173:3: note: previous declaration of ‘ast_kind_type_t’ with type ‘ast_kind_type_t’
  173 | } ast_kind_type_t;
      |   ^~~~~~~~~~~~~~~
/mnt/c/Users/ALI/Projects/Salam/src/stage/ast/type.h:305:5: error: unknown type name ‘bool’
  305 |     bool is_pointer;
      |     ^~~~
/mnt/c/Users/ALI/Projects/Salam/src/stage/ast/type.h:306:5: error: unknown type name ‘bool’
  306 |     bool is_reference;
      |     ^~~~
/mnt/c/Users/ALI/Projects/Salam/src/stage/ast/type.h:307:5: error: unknown type name ‘bool’
  307 |     bool is_const;
      |     ^~~~
In file included from /mnt/c/Users/ALI/Projects/Salam/src/stage/ast/asts/ast_extern/ast_extern_function/ast_extern_function_destroy/ast_extern_function_destroy.h:12:
/mnt/c/Users/ALI/Projects/Salam/src/stage/ast/ast_destroy/ast_destroy.h:12:10: fatal error: stage/ast/asts/ast_variable_decl/ast_variable_decl_direct_destroy/ast_variable_decl_direct_destroy.h: No such file or directory
   12 | #include <stage/ast/asts/ast_variable_decl/ast_variable_decl_direct_destroy/ast_variable_decl_direct_destroy.h>
      |          ^~~~~~~~~~~~~~~~~~~~~~~~~~~~~~~~~~~~~~~~~~~~~~~~~~~~~~~~~~~~~~~~~~~~~~~~~~~~~~~~~~~~~~~~~~~~~~~~~~~~~~
compilation terminated.
In file included from /mnt/c/Users/ALI/Projects/Salam/src/stage/ast/asts/ast_extern/ast_extern_function/ast_extern_function_direct_destroy/ast_extern_function_direct_destroy.h:11,
                 from ./stage/ast/asts/ast_extern/ast_extern_function/ast_extern_function_direct_destroy/ast_extern_function_direct_destroy.c:1:
/mnt/c/Users/ALI/Projects/Salam/src/stage/ast/type.h:84:5: error: unknown type name ‘value_t’
   84 |     value_t* value;
      |     ^~~~~~~
/mnt/c/Users/ALI/Projects/Salam/src/stage/ast/type.h:111:5: error: unknown type name ‘token_operator_type_t’
  111 |     token_operator_type_t op_type;
      |     ^~~~~~~~~~~~~~~~~~~~~
/mnt/c/Users/ALI/Projects/Salam/src/stage/ast/type.h:189:9: warning: struct has no members [-Wpedantic]
  189 | typedef struct
      |         ^~~~~~
/mnt/c/Users/ALI/Projects/Salam/src/stage/ast/type.h:222:5: error: unknown type name ‘bool’
  222 |     bool is_last; // true if this is the last statement in the if
      |     ^~~~
/mnt/c/Users/ALI/Projects/Salam/src/stage/ast/type.h:298:3: error: conflicting types for ‘ast_kind_type_t’; have ‘enum <anonymous>’
  298 | } ast_kind_type_t;
      |   ^~~~~~~~~~~~~~~
/mnt/c/Users/ALI/Projects/Salam/src/stage/ast/type.h:173:3: note: previous declaration of ‘ast_kind_type_t’ with type ‘ast_kind_type_t’
  173 | } ast_kind_type_t;
      |   ^~~~~~~~~~~~~~~
/mnt/c/Users/ALI/Projects/Salam/src/stage/ast/type.h:305:5: error: unknown type name ‘bool’
  305 |     bool is_pointer;
      |     ^~~~
/mnt/c/Users/ALI/Projects/Salam/src/stage/ast/type.h:306:5: error: unknown type name ‘bool’
  306 |     bool is_reference;
      |     ^~~~
/mnt/c/Users/ALI/Projects/Salam/src/stage/ast/type.h:307:5: error: unknown type name ‘bool’
  307 |     bool is_const;
      |     ^~~~
In file included from /mnt/c/Users/ALI/Projects/Salam/src/stage/ast/asts/ast_extern/ast_extern_function/ast_extern_function_direct_destroy/ast_extern_function_direct_destroy.h:12:
/mnt/c/Users/ALI/Projects/Salam/src/stage/ast/ast_destroy/ast_destroy.h:12:10: fatal error: stage/ast/asts/ast_variable_decl/ast_variable_decl_direct_destroy/ast_variable_decl_direct_destroy.h: No such file or directory
   12 | #include <stage/ast/asts/ast_variable_decl/ast_variable_decl_direct_destroy/ast_variable_decl_direct_destroy.h>
      |          ^~~~~~~~~~~~~~~~~~~~~~~~~~~~~~~~~~~~~~~~~~~~~~~~~~~~~~~~~~~~~~~~~~~~~~~~~~~~~~~~~~~~~~~~~~~~~~~~~~~~~~
compilation terminated.
In file included from /mnt/c/Users/ALI/Projects/Salam/src/stage/ast/asts/ast_extern/ast_extern_function/ast_extern_function_json/ast_extern_function_json.h:25,
                 from ./stage/ast/asts/ast_extern/ast_extern_function/ast_extern_function_json/ast_extern_function_json.c:1:
/mnt/c/Users/ALI/Projects/Salam/src/stage/ast/type.h:84:5: error: unknown type name ‘value_t’
   84 |     value_t* value;
      |     ^~~~~~~
/mnt/c/Users/ALI/Projects/Salam/src/stage/ast/type.h:111:5: error: unknown type name ‘token_operator_type_t’
  111 |     token_operator_type_t op_type;
      |     ^~~~~~~~~~~~~~~~~~~~~
/mnt/c/Users/ALI/Projects/Salam/src/stage/ast/type.h:189:9: warning: struct has no members [-Wpedantic]
  189 | typedef struct
      |         ^~~~~~
/mnt/c/Users/ALI/Projects/Salam/src/stage/ast/type.h:222:5: error: unknown type name ‘bool’
  222 |     bool is_last; // true if this is the last statement in the if
      |     ^~~~
/mnt/c/Users/ALI/Projects/Salam/src/stage/ast/type.h:298:3: error: conflicting types for ‘ast_kind_type_t’; have ‘enum <anonymous>’
  298 | } ast_kind_type_t;
      |   ^~~~~~~~~~~~~~~
/mnt/c/Users/ALI/Projects/Salam/src/stage/ast/type.h:173:3: note: previous declaration of ‘ast_kind_type_t’ with type ‘ast_kind_type_t’
  173 | } ast_kind_type_t;
      |   ^~~~~~~~~~~~~~~
/mnt/c/Users/ALI/Projects/Salam/src/stage/ast/type.h:305:5: error: unknown type name ‘bool’
  305 |     bool is_pointer;
      |     ^~~~
/mnt/c/Users/ALI/Projects/Salam/src/stage/ast/type.h:306:5: error: unknown type name ‘bool’
  306 |     bool is_reference;
      |     ^~~~
/mnt/c/Users/ALI/Projects/Salam/src/stage/ast/type.h:307:5: error: unknown type name ‘bool’
  307 |     bool is_const;
      |     ^~~~
In file included from /mnt/c/Users/ALI/Projects/Salam/src/stage/ast/asts/ast_extern/ast_extern_function/ast_extern_function_log/ast_extern_function_log.h:11,
                 from ./stage/ast/asts/ast_extern/ast_extern_function/ast_extern_function_log/ast_extern_function_log.c:1:
/mnt/c/Users/ALI/Projects/Salam/src/stage/ast/type.h:84:5: error: unknown type name ‘value_t’
   84 |     value_t* value;
      |     ^~~~~~~
/mnt/c/Users/ALI/Projects/Salam/src/stage/ast/type.h:111:5: error: unknown type name ‘token_operator_type_t’
  111 |     token_operator_type_t op_type;
      |     ^~~~~~~~~~~~~~~~~~~~~
/mnt/c/Users/ALI/Projects/Salam/src/stage/ast/type.h:189:9: warning: struct has no members [-Wpedantic]
  189 | typedef struct
      |         ^~~~~~
/mnt/c/Users/ALI/Projects/Salam/src/stage/ast/type.h:222:5: error: unknown type name ‘bool’
  222 |     bool is_last; // true if this is the last statement in the if
      |     ^~~~
/mnt/c/Users/ALI/Projects/Salam/src/stage/ast/type.h:298:3: error: conflicting types for ‘ast_kind_type_t’; have ‘enum <anonymous>’
  298 | } ast_kind_type_t;
      |   ^~~~~~~~~~~~~~~
/mnt/c/Users/ALI/Projects/Salam/src/stage/ast/type.h:173:3: note: previous declaration of ‘ast_kind_type_t’ with type ‘ast_kind_type_t’
  173 | } ast_kind_type_t;
      |   ^~~~~~~~~~~~~~~
/mnt/c/Users/ALI/Projects/Salam/src/stage/ast/type.h:305:5: error: unknown type name ‘bool’
  305 |     bool is_pointer;
      |     ^~~~
/mnt/c/Users/ALI/Projects/Salam/src/stage/ast/type.h:306:5: error: unknown type name ‘bool’
  306 |     bool is_reference;
      |     ^~~~
/mnt/c/Users/ALI/Projects/Salam/src/stage/ast/type.h:307:5: error: unknown type name ‘bool’
  307 |     bool is_const;
      |     ^~~~
In file included from /mnt/c/Users/ALI/Projects/Salam/src/stage/ast/asts/ast_extern/ast_extern_type_name/ast_extern_type_name.h:8,
                 from ./stage/ast/asts/ast_extern/ast_extern_type_name/ast_extern_type_name.c:1:
/mnt/c/Users/ALI/Projects/Salam/src/stage/ast/type.h:84:5: error: unknown type name ‘value_t’
   84 |     value_t* value;
      |     ^~~~~~~
/mnt/c/Users/ALI/Projects/Salam/src/stage/ast/type.h:111:5: error: unknown type name ‘token_operator_type_t’
  111 |     token_operator_type_t op_type;
      |     ^~~~~~~~~~~~~~~~~~~~~
/mnt/c/Users/ALI/Projects/Salam/src/stage/ast/type.h:189:9: warning: struct has no members [-Wpedantic]
  189 | typedef struct
      |         ^~~~~~
/mnt/c/Users/ALI/Projects/Salam/src/stage/ast/type.h:222:5: error: unknown type name ‘bool’
  222 |     bool is_last; // true if this is the last statement in the if
      |     ^~~~
/mnt/c/Users/ALI/Projects/Salam/src/stage/ast/type.h:298:3: error: conflicting types for ‘ast_kind_type_t’; have ‘enum <anonymous>’
  298 | } ast_kind_type_t;
      |   ^~~~~~~~~~~~~~~
/mnt/c/Users/ALI/Projects/Salam/src/stage/ast/type.h:173:3: note: previous declaration of ‘ast_kind_type_t’ with type ‘ast_kind_type_t’
  173 | } ast_kind_type_t;
      |   ^~~~~~~~~~~~~~~
/mnt/c/Users/ALI/Projects/Salam/src/stage/ast/type.h:305:5: error: unknown type name ‘bool’
  305 |     bool is_pointer;
      |     ^~~~
/mnt/c/Users/ALI/Projects/Salam/src/stage/ast/type.h:306:5: error: unknown type name ‘bool’
  306 |     bool is_reference;
      |     ^~~~
/mnt/c/Users/ALI/Projects/Salam/src/stage/ast/type.h:307:5: error: unknown type name ‘bool’
  307 |     bool is_const;
      |     ^~~~
In file included from /mnt/c/Users/ALI/Projects/Salam/src/stage/ast/asts/ast_extern/ast_extern_variable/ast_extern_variable_create/ast_extern_variable_create.h:8,
                 from ./stage/ast/asts/ast_extern/ast_extern_variable/ast_extern_variable_create/ast_extern_variable_create.c:1:
/mnt/c/Users/ALI/Projects/Salam/src/stage/ast/type.h:84:5: error: unknown type name ‘value_t’
   84 |     value_t* value;
      |     ^~~~~~~
/mnt/c/Users/ALI/Projects/Salam/src/stage/ast/type.h:111:5: error: unknown type name ‘token_operator_type_t’
  111 |     token_operator_type_t op_type;
      |     ^~~~~~~~~~~~~~~~~~~~~
/mnt/c/Users/ALI/Projects/Salam/src/stage/ast/type.h:189:9: warning: struct has no members [-Wpedantic]
  189 | typedef struct
      |         ^~~~~~
/mnt/c/Users/ALI/Projects/Salam/src/stage/ast/type.h:222:5: error: unknown type name ‘bool’
  222 |     bool is_last; // true if this is the last statement in the if
      |     ^~~~
/mnt/c/Users/ALI/Projects/Salam/src/stage/ast/type.h:298:3: error: conflicting types for ‘ast_kind_type_t’; have ‘enum <anonymous>’
  298 | } ast_kind_type_t;
      |   ^~~~~~~~~~~~~~~
/mnt/c/Users/ALI/Projects/Salam/src/stage/ast/type.h:173:3: note: previous declaration of ‘ast_kind_type_t’ with type ‘ast_kind_type_t’
  173 | } ast_kind_type_t;
      |   ^~~~~~~~~~~~~~~
/mnt/c/Users/ALI/Projects/Salam/src/stage/ast/type.h:305:5: error: unknown type name ‘bool’
  305 |     bool is_pointer;
      |     ^~~~
/mnt/c/Users/ALI/Projects/Salam/src/stage/ast/type.h:306:5: error: unknown type name ‘bool’
  306 |     bool is_reference;
      |     ^~~~
/mnt/c/Users/ALI/Projects/Salam/src/stage/ast/type.h:307:5: error: unknown type name ‘bool’
  307 |     bool is_const;
      |     ^~~~
In file included from /mnt/c/Users/ALI/Projects/Salam/src/stage/ast/asts/ast_extern/ast_extern_variable/ast_extern_variable_destroy/ast_extern_variable_destroy.h:11,
                 from ./stage/ast/asts/ast_extern/ast_extern_variable/ast_extern_variable_destroy/ast_extern_variable_destroy.c:1:
/mnt/c/Users/ALI/Projects/Salam/src/stage/ast/type.h:84:5: error: unknown type name ‘value_t’
   84 |     value_t* value;
      |     ^~~~~~~
/mnt/c/Users/ALI/Projects/Salam/src/stage/ast/type.h:111:5: error: unknown type name ‘token_operator_type_t’
  111 |     token_operator_type_t op_type;
      |     ^~~~~~~~~~~~~~~~~~~~~
/mnt/c/Users/ALI/Projects/Salam/src/stage/ast/type.h:189:9: warning: struct has no members [-Wpedantic]
  189 | typedef struct
      |         ^~~~~~
/mnt/c/Users/ALI/Projects/Salam/src/stage/ast/type.h:222:5: error: unknown type name ‘bool’
  222 |     bool is_last; // true if this is the last statement in the if
      |     ^~~~
/mnt/c/Users/ALI/Projects/Salam/src/stage/ast/type.h:298:3: error: conflicting types for ‘ast_kind_type_t’; have ‘enum <anonymous>’
  298 | } ast_kind_type_t;
      |   ^~~~~~~~~~~~~~~
/mnt/c/Users/ALI/Projects/Salam/src/stage/ast/type.h:173:3: note: previous declaration of ‘ast_kind_type_t’ with type ‘ast_kind_type_t’
  173 | } ast_kind_type_t;
      |   ^~~~~~~~~~~~~~~
/mnt/c/Users/ALI/Projects/Salam/src/stage/ast/type.h:305:5: error: unknown type name ‘bool’
  305 |     bool is_pointer;
      |     ^~~~
/mnt/c/Users/ALI/Projects/Salam/src/stage/ast/type.h:306:5: error: unknown type name ‘bool’
  306 |     bool is_reference;
      |     ^~~~
/mnt/c/Users/ALI/Projects/Salam/src/stage/ast/type.h:307:5: error: unknown type name ‘bool’
  307 |     bool is_const;
      |     ^~~~
In file included from /mnt/c/Users/ALI/Projects/Salam/src/stage/ast/asts/ast_extern/ast_extern_variable/ast_extern_variable_destroy/ast_extern_variable_destroy.h:12:
/mnt/c/Users/ALI/Projects/Salam/src/stage/ast/ast_destroy/ast_destroy.h:12:10: fatal error: stage/ast/asts/ast_variable_decl/ast_variable_decl_direct_destroy/ast_variable_decl_direct_destroy.h: No such file or directory
   12 | #include <stage/ast/asts/ast_variable_decl/ast_variable_decl_direct_destroy/ast_variable_decl_direct_destroy.h>
      |          ^~~~~~~~~~~~~~~~~~~~~~~~~~~~~~~~~~~~~~~~~~~~~~~~~~~~~~~~~~~~~~~~~~~~~~~~~~~~~~~~~~~~~~~~~~~~~~~~~~~~~~
compilation terminated.
In file included from /mnt/c/Users/ALI/Projects/Salam/src/stage/ast/asts/ast_extern/ast_extern_variable/ast_extern_variable_direct_destroy/ast_extern_variable_direct_destroy.h:11,
                 from ./stage/ast/asts/ast_extern/ast_extern_variable/ast_extern_variable_direct_destroy/ast_extern_variable_direct_destroy.c:1:
/mnt/c/Users/ALI/Projects/Salam/src/stage/ast/type.h:84:5: error: unknown type name ‘value_t’
   84 |     value_t* value;
      |     ^~~~~~~
/mnt/c/Users/ALI/Projects/Salam/src/stage/ast/type.h:111:5: error: unknown type name ‘token_operator_type_t’
  111 |     token_operator_type_t op_type;
      |     ^~~~~~~~~~~~~~~~~~~~~
/mnt/c/Users/ALI/Projects/Salam/src/stage/ast/type.h:189:9: warning: struct has no members [-Wpedantic]
  189 | typedef struct
      |         ^~~~~~
/mnt/c/Users/ALI/Projects/Salam/src/stage/ast/type.h:222:5: error: unknown type name ‘bool’
  222 |     bool is_last; // true if this is the last statement in the if
      |     ^~~~
/mnt/c/Users/ALI/Projects/Salam/src/stage/ast/type.h:298:3: error: conflicting types for ‘ast_kind_type_t’; have ‘enum <anonymous>’
  298 | } ast_kind_type_t;
      |   ^~~~~~~~~~~~~~~
/mnt/c/Users/ALI/Projects/Salam/src/stage/ast/type.h:173:3: note: previous declaration of ‘ast_kind_type_t’ with type ‘ast_kind_type_t’
  173 | } ast_kind_type_t;
      |   ^~~~~~~~~~~~~~~
/mnt/c/Users/ALI/Projects/Salam/src/stage/ast/type.h:305:5: error: unknown type name ‘bool’
  305 |     bool is_pointer;
      |     ^~~~
/mnt/c/Users/ALI/Projects/Salam/src/stage/ast/type.h:306:5: error: unknown type name ‘bool’
  306 |     bool is_reference;
      |     ^~~~
/mnt/c/Users/ALI/Projects/Salam/src/stage/ast/type.h:307:5: error: unknown type name ‘bool’
  307 |     bool is_const;
      |     ^~~~
In file included from /mnt/c/Users/ALI/Projects/Salam/src/stage/ast/asts/ast_extern/ast_extern_variable/ast_extern_variable_direct_destroy/ast_extern_variable_direct_destroy.h:12:
/mnt/c/Users/ALI/Projects/Salam/src/stage/ast/ast_destroy/ast_destroy.h:12:10: fatal error: stage/ast/asts/ast_variable_decl/ast_variable_decl_direct_destroy/ast_variable_decl_direct_destroy.h: No such file or directory
   12 | #include <stage/ast/asts/ast_variable_decl/ast_variable_decl_direct_destroy/ast_variable_decl_direct_destroy.h>
      |          ^~~~~~~~~~~~~~~~~~~~~~~~~~~~~~~~~~~~~~~~~~~~~~~~~~~~~~~~~~~~~~~~~~~~~~~~~~~~~~~~~~~~~~~~~~~~~~~~~~~~~~
compilation terminated.
In file included from /mnt/c/Users/ALI/Projects/Salam/src/stage/ast/asts/ast_extern/ast_extern_variable/ast_extern_variable_json/ast_extern_variable_json.h:25,
                 from ./stage/ast/asts/ast_extern/ast_extern_variable/ast_extern_variable_json/ast_extern_variable_json.c:1:
/mnt/c/Users/ALI/Projects/Salam/src/stage/ast/type.h:84:5: error: unknown type name ‘value_t’
   84 |     value_t* value;
      |     ^~~~~~~
/mnt/c/Users/ALI/Projects/Salam/src/stage/ast/type.h:111:5: error: unknown type name ‘token_operator_type_t’
  111 |     token_operator_type_t op_type;
      |     ^~~~~~~~~~~~~~~~~~~~~
/mnt/c/Users/ALI/Projects/Salam/src/stage/ast/type.h:189:9: warning: struct has no members [-Wpedantic]
  189 | typedef struct
      |         ^~~~~~
/mnt/c/Users/ALI/Projects/Salam/src/stage/ast/type.h:222:5: error: unknown type name ‘bool’
  222 |     bool is_last; // true if this is the last statement in the if
      |     ^~~~
/mnt/c/Users/ALI/Projects/Salam/src/stage/ast/type.h:298:3: error: conflicting types for ‘ast_kind_type_t’; have ‘enum <anonymous>’
  298 | } ast_kind_type_t;
      |   ^~~~~~~~~~~~~~~
/mnt/c/Users/ALI/Projects/Salam/src/stage/ast/type.h:173:3: note: previous declaration of ‘ast_kind_type_t’ with type ‘ast_kind_type_t’
  173 | } ast_kind_type_t;
      |   ^~~~~~~~~~~~~~~
/mnt/c/Users/ALI/Projects/Salam/src/stage/ast/type.h:305:5: error: unknown type name ‘bool’
  305 |     bool is_pointer;
      |     ^~~~
/mnt/c/Users/ALI/Projects/Salam/src/stage/ast/type.h:306:5: error: unknown type name ‘bool’
  306 |     bool is_reference;
      |     ^~~~
/mnt/c/Users/ALI/Projects/Salam/src/stage/ast/type.h:307:5: error: unknown type name ‘bool’
  307 |     bool is_const;
      |     ^~~~
In file included from /mnt/c/Users/ALI/Projects/Salam/src/stage/ast/asts/ast_extern/ast_extern_variable/ast_extern_variable_log/ast_extern_variable_log.h:11,
                 from ./stage/ast/asts/ast_extern/ast_extern_variable/ast_extern_variable_log/ast_extern_variable_log.c:1:
/mnt/c/Users/ALI/Projects/Salam/src/stage/ast/type.h:84:5: error: unknown type name ‘value_t’
   84 |     value_t* value;
      |     ^~~~~~~
/mnt/c/Users/ALI/Projects/Salam/src/stage/ast/type.h:111:5: error: unknown type name ‘token_operator_type_t’
  111 |     token_operator_type_t op_type;
      |     ^~~~~~~~~~~~~~~~~~~~~
/mnt/c/Users/ALI/Projects/Salam/src/stage/ast/type.h:189:9: warning: struct has no members [-Wpedantic]
  189 | typedef struct
      |         ^~~~~~
/mnt/c/Users/ALI/Projects/Salam/src/stage/ast/type.h:222:5: error: unknown type name ‘bool’
  222 |     bool is_last; // true if this is the last statement in the if
      |     ^~~~
/mnt/c/Users/ALI/Projects/Salam/src/stage/ast/type.h:298:3: error: conflicting types for ‘ast_kind_type_t’; have ‘enum <anonymous>’
  298 | } ast_kind_type_t;
      |   ^~~~~~~~~~~~~~~
/mnt/c/Users/ALI/Projects/Salam/src/stage/ast/type.h:173:3: note: previous declaration of ‘ast_kind_type_t’ with type ‘ast_kind_type_t’
  173 | } ast_kind_type_t;
      |   ^~~~~~~~~~~~~~~
/mnt/c/Users/ALI/Projects/Salam/src/stage/ast/type.h:305:5: error: unknown type name ‘bool’
  305 |     bool is_pointer;
      |     ^~~~
/mnt/c/Users/ALI/Projects/Salam/src/stage/ast/type.h:306:5: error: unknown type name ‘bool’
  306 |     bool is_reference;
      |     ^~~~
/mnt/c/Users/ALI/Projects/Salam/src/stage/ast/type.h:307:5: error: unknown type name ‘bool’
  307 |     bool is_const;
      |     ^~~~
In file included from /mnt/c/Users/ALI/Projects/Salam/src/stage/ast/asts/ast_function_decl/ast_function_decl_create/ast_function_decl_create.h:16,
                 from ./stage/ast/asts/ast_function_decl/ast_function_decl_create/ast_function_decl_create.c:1:
/mnt/c/Users/ALI/Projects/Salam/src/stage/ast/type.h:84:5: error: unknown type name ‘value_t’
   84 |     value_t* value;
      |     ^~~~~~~
/mnt/c/Users/ALI/Projects/Salam/src/stage/ast/type.h:111:5: error: unknown type name ‘token_operator_type_t’
  111 |     token_operator_type_t op_type;
      |     ^~~~~~~~~~~~~~~~~~~~~
/mnt/c/Users/ALI/Projects/Salam/src/stage/ast/type.h:189:9: warning: struct has no members [-Wpedantic]
  189 | typedef struct
      |         ^~~~~~
/mnt/c/Users/ALI/Projects/Salam/src/stage/ast/type.h:222:5: error: unknown type name ‘bool’
  222 |     bool is_last; // true if this is the last statement in the if
      |     ^~~~
/mnt/c/Users/ALI/Projects/Salam/src/stage/ast/type.h:298:3: error: conflicting types for ‘ast_kind_type_t’; have ‘enum <anonymous>’
  298 | } ast_kind_type_t;
      |   ^~~~~~~~~~~~~~~
/mnt/c/Users/ALI/Projects/Salam/src/stage/ast/type.h:173:3: note: previous declaration of ‘ast_kind_type_t’ with type ‘ast_kind_type_t’
  173 | } ast_kind_type_t;
      |   ^~~~~~~~~~~~~~~
/mnt/c/Users/ALI/Projects/Salam/src/stage/ast/type.h:305:5: error: unknown type name ‘bool’
  305 |     bool is_pointer;
      |     ^~~~
/mnt/c/Users/ALI/Projects/Salam/src/stage/ast/type.h:306:5: error: unknown type name ‘bool’
  306 |     bool is_reference;
      |     ^~~~
/mnt/c/Users/ALI/Projects/Salam/src/stage/ast/type.h:307:5: error: unknown type name ‘bool’
  307 |     bool is_const;
      |     ^~~~
In file included from /mnt/c/Users/ALI/Projects/Salam/src/stage/ast/asts/ast_function_decl/ast_function_decl_create/ast_function_decl_create.h:18:
/mnt/c/Users/ALI/Projects/Salam/src/stage/ast/ast_destroy/ast_destroy.h:12:10: fatal error: stage/ast/asts/ast_variable_decl/ast_variable_decl_direct_destroy/ast_variable_decl_direct_destroy.h: No such file or directory
   12 | #include <stage/ast/asts/ast_variable_decl/ast_variable_decl_direct_destroy/ast_variable_decl_direct_destroy.h>
      |          ^~~~~~~~~~~~~~~~~~~~~~~~~~~~~~~~~~~~~~~~~~~~~~~~~~~~~~~~~~~~~~~~~~~~~~~~~~~~~~~~~~~~~~~~~~~~~~~~~~~~~~
compilation terminated.
In file included from /mnt/c/Users/ALI/Projects/Salam/src/stage/ast/asts/ast_function_decl/ast_function_decl_destroy/ast_function_decl_destroy.h:14,
                 from ./stage/ast/asts/ast_function_decl/ast_function_decl_destroy/ast_function_decl_destroy.c:1:
/mnt/c/Users/ALI/Projects/Salam/src/stage/ast/type.h:84:5: error: unknown type name ‘value_t’
   84 |     value_t* value;
      |     ^~~~~~~
/mnt/c/Users/ALI/Projects/Salam/src/stage/ast/type.h:111:5: error: unknown type name ‘token_operator_type_t’
  111 |     token_operator_type_t op_type;
      |     ^~~~~~~~~~~~~~~~~~~~~
/mnt/c/Users/ALI/Projects/Salam/src/stage/ast/type.h:189:9: warning: struct has no members [-Wpedantic]
  189 | typedef struct
      |         ^~~~~~
/mnt/c/Users/ALI/Projects/Salam/src/stage/ast/type.h:222:5: error: unknown type name ‘bool’
  222 |     bool is_last; // true if this is the last statement in the if
      |     ^~~~
/mnt/c/Users/ALI/Projects/Salam/src/stage/ast/type.h:298:3: error: conflicting types for ‘ast_kind_type_t’; have ‘enum <anonymous>’
  298 | } ast_kind_type_t;
      |   ^~~~~~~~~~~~~~~
/mnt/c/Users/ALI/Projects/Salam/src/stage/ast/type.h:173:3: note: previous declaration of ‘ast_kind_type_t’ with type ‘ast_kind_type_t’
  173 | } ast_kind_type_t;
      |   ^~~~~~~~~~~~~~~
/mnt/c/Users/ALI/Projects/Salam/src/stage/ast/type.h:305:5: error: unknown type name ‘bool’
  305 |     bool is_pointer;
      |     ^~~~
/mnt/c/Users/ALI/Projects/Salam/src/stage/ast/type.h:306:5: error: unknown type name ‘bool’
  306 |     bool is_reference;
      |     ^~~~
/mnt/c/Users/ALI/Projects/Salam/src/stage/ast/type.h:307:5: error: unknown type name ‘bool’
  307 |     bool is_const;
      |     ^~~~
In file included from /mnt/c/Users/ALI/Projects/Salam/src/stage/ast/asts/ast_function_decl/ast_function_decl_destroy/ast_function_decl_destroy.h:15:
/mnt/c/Users/ALI/Projects/Salam/src/stage/ast/ast_destroy/ast_destroy.h:12:10: fatal error: stage/ast/asts/ast_variable_decl/ast_variable_decl_direct_destroy/ast_variable_decl_direct_destroy.h: No such file or directory
   12 | #include <stage/ast/asts/ast_variable_decl/ast_variable_decl_direct_destroy/ast_variable_decl_direct_destroy.h>
      |          ^~~~~~~~~~~~~~~~~~~~~~~~~~~~~~~~~~~~~~~~~~~~~~~~~~~~~~~~~~~~~~~~~~~~~~~~~~~~~~~~~~~~~~~~~~~~~~~~~~~~~~
compilation terminated.
In file included from /mnt/c/Users/ALI/Projects/Salam/src/stage/ast/asts/ast_function_decl/ast_function_decl_direct_destroy/ast_function_decl_direct_destroy.h:17,
                 from ./stage/ast/asts/ast_function_decl/ast_function_decl_direct_destroy/ast_function_decl_direct_destroy.c:1:
/mnt/c/Users/ALI/Projects/Salam/src/stage/ast/type.h:84:5: error: unknown type name ‘value_t’
   84 |     value_t* value;
      |     ^~~~~~~
/mnt/c/Users/ALI/Projects/Salam/src/stage/ast/type.h:111:5: error: unknown type name ‘token_operator_type_t’
  111 |     token_operator_type_t op_type;
      |     ^~~~~~~~~~~~~~~~~~~~~
/mnt/c/Users/ALI/Projects/Salam/src/stage/ast/type.h:189:9: warning: struct has no members [-Wpedantic]
  189 | typedef struct
      |         ^~~~~~
/mnt/c/Users/ALI/Projects/Salam/src/stage/ast/type.h:222:5: error: unknown type name ‘bool’
  222 |     bool is_last; // true if this is the last statement in the if
      |     ^~~~
/mnt/c/Users/ALI/Projects/Salam/src/stage/ast/type.h:298:3: error: conflicting types for ‘ast_kind_type_t’; have ‘enum <anonymous>’
  298 | } ast_kind_type_t;
      |   ^~~~~~~~~~~~~~~
/mnt/c/Users/ALI/Projects/Salam/src/stage/ast/type.h:173:3: note: previous declaration of ‘ast_kind_type_t’ with type ‘ast_kind_type_t’
  173 | } ast_kind_type_t;
      |   ^~~~~~~~~~~~~~~
/mnt/c/Users/ALI/Projects/Salam/src/stage/ast/type.h:305:5: error: unknown type name ‘bool’
  305 |     bool is_pointer;
      |     ^~~~
/mnt/c/Users/ALI/Projects/Salam/src/stage/ast/type.h:306:5: error: unknown type name ‘bool’
  306 |     bool is_reference;
      |     ^~~~
/mnt/c/Users/ALI/Projects/Salam/src/stage/ast/type.h:307:5: error: unknown type name ‘bool’
  307 |     bool is_const;
      |     ^~~~
In file included from /mnt/c/Users/ALI/Projects/Salam/src/stage/ast/asts/ast_function_decl/ast_function_decl_direct_destroy/ast_function_decl_direct_destroy.h:18:
/mnt/c/Users/ALI/Projects/Salam/src/stage/ast/ast_destroy/ast_destroy.h:12:10: fatal error: stage/ast/asts/ast_variable_decl/ast_variable_decl_direct_destroy/ast_variable_decl_direct_destroy.h: No such file or directory
   12 | #include <stage/ast/asts/ast_variable_decl/ast_variable_decl_direct_destroy/ast_variable_decl_direct_destroy.h>
      |          ^~~~~~~~~~~~~~~~~~~~~~~~~~~~~~~~~~~~~~~~~~~~~~~~~~~~~~~~~~~~~~~~~~~~~~~~~~~~~~~~~~~~~~~~~~~~~~~~~~~~~~
compilation terminated.
In file included from /mnt/c/Users/ALI/Projects/Salam/src/stage/ast/asts/ast_function_decl/ast_function_decl_json/ast_function_decl_json.h:12,
                 from ./stage/ast/asts/ast_function_decl/ast_function_decl_json/ast_function_decl_json.c:1:
/mnt/c/Users/ALI/Projects/Salam/src/stage/ast/type.h:84:5: error: unknown type name ‘value_t’
   84 |     value_t* value;
      |     ^~~~~~~
/mnt/c/Users/ALI/Projects/Salam/src/stage/ast/type.h:111:5: error: unknown type name ‘token_operator_type_t’
  111 |     token_operator_type_t op_type;
      |     ^~~~~~~~~~~~~~~~~~~~~
/mnt/c/Users/ALI/Projects/Salam/src/stage/ast/type.h:189:9: warning: struct has no members [-Wpedantic]
  189 | typedef struct
      |         ^~~~~~
/mnt/c/Users/ALI/Projects/Salam/src/stage/ast/type.h:222:5: error: unknown type name ‘bool’
  222 |     bool is_last; // true if this is the last statement in the if
      |     ^~~~
/mnt/c/Users/ALI/Projects/Salam/src/stage/ast/type.h:298:3: error: conflicting types for ‘ast_kind_type_t’; have ‘enum <anonymous>’
  298 | } ast_kind_type_t;
      |   ^~~~~~~~~~~~~~~
/mnt/c/Users/ALI/Projects/Salam/src/stage/ast/type.h:173:3: note: previous declaration of ‘ast_kind_type_t’ with type ‘ast_kind_type_t’
  173 | } ast_kind_type_t;
      |   ^~~~~~~~~~~~~~~
/mnt/c/Users/ALI/Projects/Salam/src/stage/ast/type.h:305:5: error: unknown type name ‘bool’
  305 |     bool is_pointer;
      |     ^~~~
/mnt/c/Users/ALI/Projects/Salam/src/stage/ast/type.h:306:5: error: unknown type name ‘bool’
  306 |     bool is_reference;
      |     ^~~~
/mnt/c/Users/ALI/Projects/Salam/src/stage/ast/type.h:307:5: error: unknown type name ‘bool’
  307 |     bool is_const;
      |     ^~~~
In file included from /mnt/c/Users/ALI/Projects/Salam/src/stage/ast/asts/ast_function_decl/ast_function_decl_log/ast_function_decl_log.h:11,
                 from ./stage/ast/asts/ast_function_decl/ast_function_decl_log/ast_function_decl_log.c:1:
/mnt/c/Users/ALI/Projects/Salam/src/stage/ast/type.h:84:5: error: unknown type name ‘value_t’
   84 |     value_t* value;
      |     ^~~~~~~
/mnt/c/Users/ALI/Projects/Salam/src/stage/ast/type.h:111:5: error: unknown type name ‘token_operator_type_t’
  111 |     token_operator_type_t op_type;
      |     ^~~~~~~~~~~~~~~~~~~~~
/mnt/c/Users/ALI/Projects/Salam/src/stage/ast/type.h:189:9: warning: struct has no members [-Wpedantic]
  189 | typedef struct
      |         ^~~~~~
/mnt/c/Users/ALI/Projects/Salam/src/stage/ast/type.h:222:5: error: unknown type name ‘bool’
  222 |     bool is_last; // true if this is the last statement in the if
      |     ^~~~
/mnt/c/Users/ALI/Projects/Salam/src/stage/ast/type.h:298:3: error: conflicting types for ‘ast_kind_type_t’; have ‘enum <anonymous>’
  298 | } ast_kind_type_t;
      |   ^~~~~~~~~~~~~~~
/mnt/c/Users/ALI/Projects/Salam/src/stage/ast/type.h:173:3: note: previous declaration of ‘ast_kind_type_t’ with type ‘ast_kind_type_t’
  173 | } ast_kind_type_t;
      |   ^~~~~~~~~~~~~~~
/mnt/c/Users/ALI/Projects/Salam/src/stage/ast/type.h:305:5: error: unknown type name ‘bool’
  305 |     bool is_pointer;
      |     ^~~~
/mnt/c/Users/ALI/Projects/Salam/src/stage/ast/type.h:306:5: error: unknown type name ‘bool’
  306 |     bool is_reference;
      |     ^~~~
/mnt/c/Users/ALI/Projects/Salam/src/stage/ast/type.h:307:5: error: unknown type name ‘bool’
  307 |     bool is_const;
      |     ^~~~
./stage/ast/asts/ast_parameter/ast_parameters/ast_parameters_destroy/ast_parameters_destroy.c:2: warning: ISO C forbids an empty translation unit [-Wpedantic]
./stage/ast/asts/ast_parameter/ast_parameters/ast_parameters_direct_destroy/ast_parameters_direct_destroy.c:2: warning: ISO C forbids an empty translation unit [-Wpedantic]
./stage/ast/asts/ast_parameter/ast_parameters/ast_parameters_json/ast_parameters_json.c:2: warning: ISO C forbids an empty translation unit [-Wpedantic]
./stage/ast/asts/ast_parameter/ast_parameters/ast_parameters_log/ast_parameters_log.c:2: warning: ISO C forbids an empty translation unit [-Wpedantic]
./stage/ast/asts/ast_parameter/ast_parameter_item/ast_parameter_create/ast_parameter_create.c:2: warning: ISO C forbids an empty translation unit [-Wpedantic]
./stage/ast/asts/ast_parameter/ast_parameter_item/ast_parameter_destroy/ast_parameter_destroy.c:2: warning: ISO C forbids an empty translation unit [-Wpedantic]
./stage/ast/asts/ast_parameter/ast_parameter_item/ast_parameter_direct_destroy/ast_parameter_direct_destroy.c:2: warning: ISO C forbids an empty translation unit [-Wpedantic]
./stage/ast/asts/ast_parameter/ast_parameter_item/ast_parameter_json/ast_parameter_json.c:2: warning: ISO C forbids an empty translation unit [-Wpedantic]
./stage/ast/asts/ast_parameter/ast_parameter_item/ast_parameter_log/ast_parameter_log.c:2: warning: ISO C forbids an empty translation unit [-Wpedantic]
In file included from /mnt/c/Users/ALI/Projects/Salam/src/stage/ast/asts/ast_program/ast_program_create/ast_program_create.h:13,
                 from ./stage/ast/asts/ast_program/ast_program_create/ast_program_create.c:1:
/mnt/c/Users/ALI/Projects/Salam/src/stage/ast/type.h:84:5: error: unknown type name ‘value_t’
   84 |     value_t* value;
      |     ^~~~~~~
/mnt/c/Users/ALI/Projects/Salam/src/stage/ast/type.h:111:5: error: unknown type name ‘token_operator_type_t’
  111 |     token_operator_type_t op_type;
      |     ^~~~~~~~~~~~~~~~~~~~~
/mnt/c/Users/ALI/Projects/Salam/src/stage/ast/type.h:189:9: warning: struct has no members [-Wpedantic]
  189 | typedef struct
      |         ^~~~~~
/mnt/c/Users/ALI/Projects/Salam/src/stage/ast/type.h:222:5: error: unknown type name ‘bool’
  222 |     bool is_last; // true if this is the last statement in the if
      |     ^~~~
/mnt/c/Users/ALI/Projects/Salam/src/stage/ast/type.h:298:3: error: conflicting types for ‘ast_kind_type_t’; have ‘enum <anonymous>’
  298 | } ast_kind_type_t;
      |   ^~~~~~~~~~~~~~~
/mnt/c/Users/ALI/Projects/Salam/src/stage/ast/type.h:173:3: note: previous declaration of ‘ast_kind_type_t’ with type ‘ast_kind_type_t’
  173 | } ast_kind_type_t;
      |   ^~~~~~~~~~~~~~~
/mnt/c/Users/ALI/Projects/Salam/src/stage/ast/type.h:305:5: error: unknown type name ‘bool’
  305 |     bool is_pointer;
      |     ^~~~
/mnt/c/Users/ALI/Projects/Salam/src/stage/ast/type.h:306:5: error: unknown type name ‘bool’
  306 |     bool is_reference;
      |     ^~~~
/mnt/c/Users/ALI/Projects/Salam/src/stage/ast/type.h:307:5: error: unknown type name ‘bool’
  307 |     bool is_const;
      |     ^~~~
In file included from /mnt/c/Users/ALI/Projects/Salam/src/stage/ast/asts/ast_program/ast_program_create/ast_program_create.h:15:
/mnt/c/Users/ALI/Projects/Salam/src/stage/ast/ast_destroy/ast_destroy.h:12:10: fatal error: stage/ast/asts/ast_variable_decl/ast_variable_decl_direct_destroy/ast_variable_decl_direct_destroy.h: No such file or directory
   12 | #include <stage/ast/asts/ast_variable_decl/ast_variable_decl_direct_destroy/ast_variable_decl_direct_destroy.h>
      |          ^~~~~~~~~~~~~~~~~~~~~~~~~~~~~~~~~~~~~~~~~~~~~~~~~~~~~~~~~~~~~~~~~~~~~~~~~~~~~~~~~~~~~~~~~~~~~~~~~~~~~~
compilation terminated.
In file included from /mnt/c/Users/ALI/Projects/Salam/src/stage/ast/asts/ast_program/ast_program_destroy/ast_program_destroy.h:13,
                 from ./stage/ast/asts/ast_program/ast_program_destroy/ast_program_destroy.c:1:
/mnt/c/Users/ALI/Projects/Salam/src/stage/ast/type.h:84:5: error: unknown type name ‘value_t’
   84 |     value_t* value;
      |     ^~~~~~~
/mnt/c/Users/ALI/Projects/Salam/src/stage/ast/type.h:111:5: error: unknown type name ‘token_operator_type_t’
  111 |     token_operator_type_t op_type;
      |     ^~~~~~~~~~~~~~~~~~~~~
/mnt/c/Users/ALI/Projects/Salam/src/stage/ast/type.h:189:9: warning: struct has no members [-Wpedantic]
  189 | typedef struct
      |         ^~~~~~
/mnt/c/Users/ALI/Projects/Salam/src/stage/ast/type.h:222:5: error: unknown type name ‘bool’
  222 |     bool is_last; // true if this is the last statement in the if
      |     ^~~~
/mnt/c/Users/ALI/Projects/Salam/src/stage/ast/type.h:298:3: error: conflicting types for ‘ast_kind_type_t’; have ‘enum <anonymous>’
  298 | } ast_kind_type_t;
      |   ^~~~~~~~~~~~~~~
/mnt/c/Users/ALI/Projects/Salam/src/stage/ast/type.h:173:3: note: previous declaration of ‘ast_kind_type_t’ with type ‘ast_kind_type_t’
  173 | } ast_kind_type_t;
      |   ^~~~~~~~~~~~~~~
/mnt/c/Users/ALI/Projects/Salam/src/stage/ast/type.h:305:5: error: unknown type name ‘bool’
  305 |     bool is_pointer;
      |     ^~~~
/mnt/c/Users/ALI/Projects/Salam/src/stage/ast/type.h:306:5: error: unknown type name ‘bool’
  306 |     bool is_reference;
      |     ^~~~
/mnt/c/Users/ALI/Projects/Salam/src/stage/ast/type.h:307:5: error: unknown type name ‘bool’
  307 |     bool is_const;
      |     ^~~~
In file included from /mnt/c/Users/ALI/Projects/Salam/src/stage/ast/asts/ast_program/ast_program_destroy/ast_program_destroy.h:14:
/mnt/c/Users/ALI/Projects/Salam/src/stage/ast/ast_destroy/ast_destroy.h:12:10: fatal error: stage/ast/asts/ast_variable_decl/ast_variable_decl_direct_destroy/ast_variable_decl_direct_destroy.h: No such file or directory
   12 | #include <stage/ast/asts/ast_variable_decl/ast_variable_decl_direct_destroy/ast_variable_decl_direct_destroy.h>
      |          ^~~~~~~~~~~~~~~~~~~~~~~~~~~~~~~~~~~~~~~~~~~~~~~~~~~~~~~~~~~~~~~~~~~~~~~~~~~~~~~~~~~~~~~~~~~~~~~~~~~~~~
compilation terminated.
In file included from /mnt/c/Users/ALI/Projects/Salam/src/stage/ast/asts/ast_program/ast_program_direct_destroy/ast_program_direct_destroy.h:17,
                 from ./stage/ast/asts/ast_program/ast_program_direct_destroy/ast_program_direct_destroy.c:1:
/mnt/c/Users/ALI/Projects/Salam/src/stage/ast/type.h:84:5: error: unknown type name ‘value_t’
   84 |     value_t* value;
      |     ^~~~~~~
/mnt/c/Users/ALI/Projects/Salam/src/stage/ast/type.h:111:5: error: unknown type name ‘token_operator_type_t’
  111 |     token_operator_type_t op_type;
      |     ^~~~~~~~~~~~~~~~~~~~~
/mnt/c/Users/ALI/Projects/Salam/src/stage/ast/type.h:189:9: warning: struct has no members [-Wpedantic]
  189 | typedef struct
      |         ^~~~~~
/mnt/c/Users/ALI/Projects/Salam/src/stage/ast/type.h:222:5: error: unknown type name ‘bool’
  222 |     bool is_last; // true if this is the last statement in the if
      |     ^~~~
/mnt/c/Users/ALI/Projects/Salam/src/stage/ast/type.h:298:3: error: conflicting types for ‘ast_kind_type_t’; have ‘enum <anonymous>’
  298 | } ast_kind_type_t;
      |   ^~~~~~~~~~~~~~~
/mnt/c/Users/ALI/Projects/Salam/src/stage/ast/type.h:173:3: note: previous declaration of ‘ast_kind_type_t’ with type ‘ast_kind_type_t’
  173 | } ast_kind_type_t;
      |   ^~~~~~~~~~~~~~~
/mnt/c/Users/ALI/Projects/Salam/src/stage/ast/type.h:305:5: error: unknown type name ‘bool’
  305 |     bool is_pointer;
      |     ^~~~
/mnt/c/Users/ALI/Projects/Salam/src/stage/ast/type.h:306:5: error: unknown type name ‘bool’
  306 |     bool is_reference;
      |     ^~~~
/mnt/c/Users/ALI/Projects/Salam/src/stage/ast/type.h:307:5: error: unknown type name ‘bool’
  307 |     bool is_const;
      |     ^~~~
In file included from /mnt/c/Users/ALI/Projects/Salam/src/stage/ast/asts/ast_program/ast_program_direct_destroy/ast_program_direct_destroy.h:18:
/mnt/c/Users/ALI/Projects/Salam/src/stage/ast/ast_destroy/ast_destroy.h:12:10: fatal error: stage/ast/asts/ast_variable_decl/ast_variable_decl_direct_destroy/ast_variable_decl_direct_destroy.h: No such file or directory
   12 | #include <stage/ast/asts/ast_variable_decl/ast_variable_decl_direct_destroy/ast_variable_decl_direct_destroy.h>
      |          ^~~~~~~~~~~~~~~~~~~~~~~~~~~~~~~~~~~~~~~~~~~~~~~~~~~~~~~~~~~~~~~~~~~~~~~~~~~~~~~~~~~~~~~~~~~~~~~~~~~~~~
compilation terminated.
In file included from /mnt/c/Users/ALI/Projects/Salam/src/stage/ast/asts/ast_program/ast_program_json/ast_program_json.h:12,
                 from ./stage/ast/asts/ast_program/ast_program_json/ast_program_json.c:1:
/mnt/c/Users/ALI/Projects/Salam/src/stage/ast/type.h:84:5: error: unknown type name ‘value_t’
   84 |     value_t* value;
      |     ^~~~~~~
/mnt/c/Users/ALI/Projects/Salam/src/stage/ast/type.h:111:5: error: unknown type name ‘token_operator_type_t’
  111 |     token_operator_type_t op_type;
      |     ^~~~~~~~~~~~~~~~~~~~~
/mnt/c/Users/ALI/Projects/Salam/src/stage/ast/type.h:189:9: warning: struct has no members [-Wpedantic]
  189 | typedef struct
      |         ^~~~~~
/mnt/c/Users/ALI/Projects/Salam/src/stage/ast/type.h:222:5: error: unknown type name ‘bool’
  222 |     bool is_last; // true if this is the last statement in the if
      |     ^~~~
/mnt/c/Users/ALI/Projects/Salam/src/stage/ast/type.h:298:3: error: conflicting types for ‘ast_kind_type_t’; have ‘enum <anonymous>’
  298 | } ast_kind_type_t;
      |   ^~~~~~~~~~~~~~~
/mnt/c/Users/ALI/Projects/Salam/src/stage/ast/type.h:173:3: note: previous declaration of ‘ast_kind_type_t’ with type ‘ast_kind_type_t’
  173 | } ast_kind_type_t;
      |   ^~~~~~~~~~~~~~~
/mnt/c/Users/ALI/Projects/Salam/src/stage/ast/type.h:305:5: error: unknown type name ‘bool’
  305 |     bool is_pointer;
      |     ^~~~
/mnt/c/Users/ALI/Projects/Salam/src/stage/ast/type.h:306:5: error: unknown type name ‘bool’
  306 |     bool is_reference;
      |     ^~~~
/mnt/c/Users/ALI/Projects/Salam/src/stage/ast/type.h:307:5: error: unknown type name ‘bool’
  307 |     bool is_const;
      |     ^~~~
In file included from /mnt/c/Users/ALI/Projects/Salam/src/stage/ast/asts/ast_program/ast_program_log/ast_program_log.h:11,
                 from ./stage/ast/asts/ast_program/ast_program_log/ast_program_log.c:1:
/mnt/c/Users/ALI/Projects/Salam/src/stage/ast/type.h:84:5: error: unknown type name ‘value_t’
   84 |     value_t* value;
      |     ^~~~~~~
/mnt/c/Users/ALI/Projects/Salam/src/stage/ast/type.h:111:5: error: unknown type name ‘token_operator_type_t’
  111 |     token_operator_type_t op_type;
      |     ^~~~~~~~~~~~~~~~~~~~~
/mnt/c/Users/ALI/Projects/Salam/src/stage/ast/type.h:189:9: warning: struct has no members [-Wpedantic]
  189 | typedef struct
      |         ^~~~~~
/mnt/c/Users/ALI/Projects/Salam/src/stage/ast/type.h:222:5: error: unknown type name ‘bool’
  222 |     bool is_last; // true if this is the last statement in the if
      |     ^~~~
/mnt/c/Users/ALI/Projects/Salam/src/stage/ast/type.h:298:3: error: conflicting types for ‘ast_kind_type_t’; have ‘enum <anonymous>’
  298 | } ast_kind_type_t;
      |   ^~~~~~~~~~~~~~~
/mnt/c/Users/ALI/Projects/Salam/src/stage/ast/type.h:173:3: note: previous declaration of ‘ast_kind_type_t’ with type ‘ast_kind_type_t’
  173 | } ast_kind_type_t;
      |   ^~~~~~~~~~~~~~~
/mnt/c/Users/ALI/Projects/Salam/src/stage/ast/type.h:305:5: error: unknown type name ‘bool’
  305 |     bool is_pointer;
      |     ^~~~
/mnt/c/Users/ALI/Projects/Salam/src/stage/ast/type.h:306:5: error: unknown type name ‘bool’
  306 |     bool is_reference;
      |     ^~~~
/mnt/c/Users/ALI/Projects/Salam/src/stage/ast/type.h:307:5: error: unknown type name ‘bool’
  307 |     bool is_const;
      |     ^~~~
./stage/ast/asts/ast_variable_decl/ast_var_decl_create/ast_var_decl_create.c:1:10: fatal error: stage/ast/asts/ast_variable_decl/ast_variable_decl_create/ast_variable_decl_create.h: No such file or directory
    1 | #include <stage/ast/asts/ast_variable_decl/ast_variable_decl_create/ast_variable_decl_create.h>
      |          ^~~~~~~~~~~~~~~~~~~~~~~~~~~~~~~~~~~~~~~~~~~~~~~~~~~~~~~~~~~~~~~~~~~~~~~~~~~~~~~~~~~~~~
compilation terminated.
./stage/ast/asts/ast_variable_decl/ast_var_decl_destroy/ast_var_decl_destroy.c:1:10: fatal error: stage/ast/asts/ast_variable_decl/ast_variable_decl_destroy/ast_variable_decl_destroy.h: No such file or directory
    1 | #include <stage/ast/asts/ast_variable_decl/ast_variable_decl_destroy/ast_variable_decl_destroy.h>
      |          ^~~~~~~~~~~~~~~~~~~~~~~~~~~~~~~~~~~~~~~~~~~~~~~~~~~~~~~~~~~~~~~~~~~~~~~~~~~~~~~~~~~~~~~~
compilation terminated.
./stage/ast/asts/ast_variable_decl/ast_var_decl_direct_destroy/ast_var_decl_direct_destroy.c:1:10: fatal error: stage/ast/asts/ast_variable_decl/ast_variable_decl_direct_destroy/ast_variable_decl_direct_destroy.h: No such file or directory
    1 | #include <stage/ast/asts/ast_variable_decl/ast_variable_decl_direct_destroy/ast_variable_decl_direct_destroy.h>
      |          ^~~~~~~~~~~~~~~~~~~~~~~~~~~~~~~~~~~~~~~~~~~~~~~~~~~~~~~~~~~~~~~~~~~~~~~~~~~~~~~~~~~~~~~~~~~~~~~~~~~~~~
compilation terminated.
./stage/ast/asts/ast_variable_decl/ast_var_decl_json/ast_var_decl_json.c:1:10: fatal error: stage/ast/asts/ast_variable_decl/ast_variable_decl_json/ast_variable_decl_json.h: No such file or directory
    1 | #include <stage/ast/asts/ast_variable_decl/ast_variable_decl_json/ast_variable_decl_json.h>
      |          ^~~~~~~~~~~~~~~~~~~~~~~~~~~~~~~~~~~~~~~~~~~~~~~~~~~~~~~~~~~~~~~~~~~~~~~~~~~~~~~~~~
compilation terminated.
./stage/ast/asts/ast_variable_decl/ast_var_decl_log/ast_var_decl_log.c:1:10: fatal error: stage/ast/asts/ast_variable_decl/ast_variable_decl_log/ast_variable_decl_log.h: No such file or directory
    1 | #include <stage/ast/asts/ast_variable_decl/ast_variable_decl_log/ast_variable_decl_log.h>
      |          ^~~~~~~~~~~~~~~~~~~~~~~~~~~~~~~~~~~~~~~~~~~~~~~~~~~~~~~~~~~~~~~~~~~~~~~~~~~~~~~~
compilation terminated.
In file included from /mnt/c/Users/ALI/Projects/Salam/src/stage/ast/ast_alloc/ast_alloc.h:8,
                 from ./stage/ast/ast_alloc/ast_alloc.c:1:
/mnt/c/Users/ALI/Projects/Salam/src/stage/ast/type.h:84:5: error: unknown type name ‘value_t’
   84 |     value_t* value;
      |     ^~~~~~~
/mnt/c/Users/ALI/Projects/Salam/src/stage/ast/type.h:111:5: error: unknown type name ‘token_operator_type_t’
  111 |     token_operator_type_t op_type;
      |     ^~~~~~~~~~~~~~~~~~~~~
/mnt/c/Users/ALI/Projects/Salam/src/stage/ast/type.h:189:9: warning: struct has no members [-Wpedantic]
  189 | typedef struct
      |         ^~~~~~
/mnt/c/Users/ALI/Projects/Salam/src/stage/ast/type.h:222:5: error: unknown type name ‘bool’
  222 |     bool is_last; // true if this is the last statement in the if
      |     ^~~~
/mnt/c/Users/ALI/Projects/Salam/src/stage/ast/type.h:298:3: error: conflicting types for ‘ast_kind_type_t’; have ‘enum <anonymous>’
  298 | } ast_kind_type_t;
      |   ^~~~~~~~~~~~~~~
/mnt/c/Users/ALI/Projects/Salam/src/stage/ast/type.h:173:3: note: previous declaration of ‘ast_kind_type_t’ with type ‘ast_kind_type_t’
  173 | } ast_kind_type_t;
      |   ^~~~~~~~~~~~~~~
/mnt/c/Users/ALI/Projects/Salam/src/stage/ast/type.h:305:5: error: unknown type name ‘bool’
  305 |     bool is_pointer;
      |     ^~~~
/mnt/c/Users/ALI/Projects/Salam/src/stage/ast/type.h:306:5: error: unknown type name ‘bool’
  306 |     bool is_reference;
      |     ^~~~
/mnt/c/Users/ALI/Projects/Salam/src/stage/ast/type.h:307:5: error: unknown type name ‘bool’
  307 |     bool is_const;
      |     ^~~~
In file included from /mnt/c/Users/ALI/Projects/Salam/src/stage/ast/ast_create/ast_create.h:8,
                 from ./stage/ast/ast_create/ast_create.c:1:
/mnt/c/Users/ALI/Projects/Salam/src/stage/ast/type.h:84:5: error: unknown type name ‘value_t’
   84 |     value_t* value;
      |     ^~~~~~~
/mnt/c/Users/ALI/Projects/Salam/src/stage/ast/type.h:111:5: error: unknown type name ‘token_operator_type_t’
  111 |     token_operator_type_t op_type;
      |     ^~~~~~~~~~~~~~~~~~~~~
/mnt/c/Users/ALI/Projects/Salam/src/stage/ast/type.h:189:9: warning: struct has no members [-Wpedantic]
  189 | typedef struct
      |         ^~~~~~
/mnt/c/Users/ALI/Projects/Salam/src/stage/ast/type.h:222:5: error: unknown type name ‘bool’
  222 |     bool is_last; // true if this is the last statement in the if
      |     ^~~~
/mnt/c/Users/ALI/Projects/Salam/src/stage/ast/type.h:298:3: error: conflicting types for ‘ast_kind_type_t’; have ‘enum <anonymous>’
  298 | } ast_kind_type_t;
      |   ^~~~~~~~~~~~~~~
/mnt/c/Users/ALI/Projects/Salam/src/stage/ast/type.h:173:3: note: previous declaration of ‘ast_kind_type_t’ with type ‘ast_kind_type_t’
  173 | } ast_kind_type_t;
      |   ^~~~~~~~~~~~~~~
/mnt/c/Users/ALI/Projects/Salam/src/stage/ast/type.h:305:5: error: unknown type name ‘bool’
  305 |     bool is_pointer;
      |     ^~~~
/mnt/c/Users/ALI/Projects/Salam/src/stage/ast/type.h:306:5: error: unknown type name ‘bool’
  306 |     bool is_reference;
      |     ^~~~
/mnt/c/Users/ALI/Projects/Salam/src/stage/ast/type.h:307:5: error: unknown type name ‘bool’
  307 |     bool is_const;
      |     ^~~~
In file included from /mnt/c/Users/ALI/Projects/Salam/src/stage/ast/ast_destroy/ast_destroy.h:11,
                 from ./stage/ast/ast_destroy/ast_destroy.c:1:
/mnt/c/Users/ALI/Projects/Salam/src/stage/ast/type.h:84:5: error: unknown type name ‘value_t’
   84 |     value_t* value;
      |     ^~~~~~~
/mnt/c/Users/ALI/Projects/Salam/src/stage/ast/type.h:111:5: error: unknown type name ‘token_operator_type_t’
  111 |     token_operator_type_t op_type;
      |     ^~~~~~~~~~~~~~~~~~~~~
/mnt/c/Users/ALI/Projects/Salam/src/stage/ast/type.h:189:9: warning: struct has no members [-Wpedantic]
  189 | typedef struct
      |         ^~~~~~
/mnt/c/Users/ALI/Projects/Salam/src/stage/ast/type.h:222:5: error: unknown type name ‘bool’
  222 |     bool is_last; // true if this is the last statement in the if
      |     ^~~~
/mnt/c/Users/ALI/Projects/Salam/src/stage/ast/type.h:298:3: error: conflicting types for ‘ast_kind_type_t’; have ‘enum <anonymous>’
  298 | } ast_kind_type_t;
      |   ^~~~~~~~~~~~~~~
/mnt/c/Users/ALI/Projects/Salam/src/stage/ast/type.h:173:3: note: previous declaration of ‘ast_kind_type_t’ with type ‘ast_kind_type_t’
  173 | } ast_kind_type_t;
      |   ^~~~~~~~~~~~~~~
/mnt/c/Users/ALI/Projects/Salam/src/stage/ast/type.h:305:5: error: unknown type name ‘bool’
  305 |     bool is_pointer;
      |     ^~~~
/mnt/c/Users/ALI/Projects/Salam/src/stage/ast/type.h:306:5: error: unknown type name ‘bool’
  306 |     bool is_reference;
      |     ^~~~
/mnt/c/Users/ALI/Projects/Salam/src/stage/ast/type.h:307:5: error: unknown type name ‘bool’
  307 |     bool is_const;
      |     ^~~~
/mnt/c/Users/ALI/Projects/Salam/src/stage/ast/ast_destroy/ast_destroy.h:12:10: fatal error: stage/ast/asts/ast_variable_decl/ast_variable_decl_direct_destroy/ast_variable_decl_direct_destroy.h: No such file or directory
   12 | #include <stage/ast/asts/ast_variable_decl/ast_variable_decl_direct_destroy/ast_variable_decl_direct_destroy.h>
      |          ^~~~~~~~~~~~~~~~~~~~~~~~~~~~~~~~~~~~~~~~~~~~~~~~~~~~~~~~~~~~~~~~~~~~~~~~~~~~~~~~~~~~~~~~~~~~~~~~~~~~~~
compilation terminated.
In file included from /mnt/c/Users/ALI/Projects/Salam/src/stage/ast/ast_json/ast_json.h:15,
                 from ./stage/ast/ast_json/ast_json.c:1:
/mnt/c/Users/ALI/Projects/Salam/src/stage/ast/type.h:84:5: error: unknown type name ‘value_t’
   84 |     value_t* value;
      |     ^~~~~~~
/mnt/c/Users/ALI/Projects/Salam/src/stage/ast/type.h:111:5: error: unknown type name ‘token_operator_type_t’
  111 |     token_operator_type_t op_type;
      |     ^~~~~~~~~~~~~~~~~~~~~
/mnt/c/Users/ALI/Projects/Salam/src/stage/ast/type.h:189:9: warning: struct has no members [-Wpedantic]
  189 | typedef struct
      |         ^~~~~~
/mnt/c/Users/ALI/Projects/Salam/src/stage/ast/type.h:222:5: error: unknown type name ‘bool’
  222 |     bool is_last; // true if this is the last statement in the if
      |     ^~~~
/mnt/c/Users/ALI/Projects/Salam/src/stage/ast/type.h:298:3: error: conflicting types for ‘ast_kind_type_t’; have ‘enum <anonymous>’
  298 | } ast_kind_type_t;
      |   ^~~~~~~~~~~~~~~
/mnt/c/Users/ALI/Projects/Salam/src/stage/ast/type.h:173:3: note: previous declaration of ‘ast_kind_type_t’ with type ‘ast_kind_type_t’
  173 | } ast_kind_type_t;
      |   ^~~~~~~~~~~~~~~
/mnt/c/Users/ALI/Projects/Salam/src/stage/ast/type.h:305:5: error: unknown type name ‘bool’
  305 |     bool is_pointer;
      |     ^~~~
/mnt/c/Users/ALI/Projects/Salam/src/stage/ast/type.h:306:5: error: unknown type name ‘bool’
  306 |     bool is_reference;
      |     ^~~~
/mnt/c/Users/ALI/Projects/Salam/src/stage/ast/type.h:307:5: error: unknown type name ‘bool’
  307 |     bool is_const;
      |     ^~~~
In file included from /mnt/c/Users/ALI/Projects/Salam/src/stage/ast/ast_log/ast_log.h:5,
                 from ./stage/ast/ast_log/ast_log.c:1:
/mnt/c/Users/ALI/Projects/Salam/src/stage/ast/type.h:84:5: error: unknown type name ‘value_t’
   84 |     value_t* value;
      |     ^~~~~~~
/mnt/c/Users/ALI/Projects/Salam/src/stage/ast/type.h:111:5: error: unknown type name ‘token_operator_type_t’
  111 |     token_operator_type_t op_type;
      |     ^~~~~~~~~~~~~~~~~~~~~
/mnt/c/Users/ALI/Projects/Salam/src/stage/ast/type.h:189:9: warning: struct has no members [-Wpedantic]
  189 | typedef struct
      |         ^~~~~~
/mnt/c/Users/ALI/Projects/Salam/src/stage/ast/type.h:222:5: error: unknown type name ‘bool’
  222 |     bool is_last; // true if this is the last statement in the if
      |     ^~~~
/mnt/c/Users/ALI/Projects/Salam/src/stage/ast/type.h:298:3: error: conflicting types for ‘ast_kind_type_t’; have ‘enum <anonymous>’
  298 | } ast_kind_type_t;
      |   ^~~~~~~~~~~~~~~
/mnt/c/Users/ALI/Projects/Salam/src/stage/ast/type.h:173:3: note: previous declaration of ‘ast_kind_type_t’ with type ‘ast_kind_type_t’
  173 | } ast_kind_type_t;
      |   ^~~~~~~~~~~~~~~
/mnt/c/Users/ALI/Projects/Salam/src/stage/ast/type.h:305:5: error: unknown type name ‘bool’
  305 |     bool is_pointer;
      |     ^~~~
/mnt/c/Users/ALI/Projects/Salam/src/stage/ast/type.h:306:5: error: unknown type name ‘bool’
  306 |     bool is_reference;
      |     ^~~~
/mnt/c/Users/ALI/Projects/Salam/src/stage/ast/type.h:307:5: error: unknown type name ‘bool’
  307 |     bool is_const;
      |     ^~~~
In file included from /mnt/c/Users/ALI/Projects/Salam/src/stage/token/type.h:10,
                 from /mnt/c/Users/ALI/Projects/Salam/src/stage/scanner/type.h:14,
                 from /mnt/c/Users/ALI/Projects/Salam/src/stage/parser/type.h:10,
                 from /mnt/c/Users/ALI/Projects/Salam/src/stage/parser/parser_create/parser_create.h:11,
                 from ./stage/parser/parser_create/parser_create.c:1:
/mnt/c/Users/ALI/Projects/Salam/src/stage/value/type.h:26:9: error: unknown type name ‘bool’
   26 |         bool bool_value;                  // Boolean value
      |         ^~~~
In file included from /mnt/c/Users/ALI/Projects/Salam/src/stage/token/type.h:10,
                 from /mnt/c/Users/ALI/Projects/Salam/src/stage/scanner/type.h:14,
                 from /mnt/c/Users/ALI/Projects/Salam/src/stage/parser/type.h:10,
                 from /mnt/c/Users/ALI/Projects/Salam/src/stage/parser/parser_destroy/parser_destroy.h:11,
                 from ./stage/parser/parser_destroy/parser_destroy.c:1:
/mnt/c/Users/ALI/Projects/Salam/src/stage/value/type.h:26:9: error: unknown type name ‘bool’
   26 |         bool bool_value;                  // Boolean value
      |         ^~~~
In file included from /mnt/c/Users/ALI/Projects/Salam/src/stage/token/type.h:10,
                 from /mnt/c/Users/ALI/Projects/Salam/src/stage/scanner/type.h:14,
                 from /mnt/c/Users/ALI/Projects/Salam/src/stage/parser/type.h:10,
                 from /mnt/c/Users/ALI/Projects/Salam/src/stage/parser/parser_eat/parser_eat.h:11,
                 from ./stage/parser/parser_eat/parser_eat.c:1:
/mnt/c/Users/ALI/Projects/Salam/src/stage/value/type.h:26:9: error: unknown type name ‘bool’
   26 |         bool bool_value;                  // Boolean value
      |         ^~~~
In file included from /mnt/c/Users/ALI/Projects/Salam/src/stage/token/type.h:10,
                 from /mnt/c/Users/ALI/Projects/Salam/src/stage/scanner/type.h:14,
                 from /mnt/c/Users/ALI/Projects/Salam/src/stage/parser/type.h:10,
                 from /mnt/c/Users/ALI/Projects/Salam/src/stage/parser/parser_expect/parser_expect.h:11,
                 from ./stage/parser/parser_expect/parser_expect.c:1:
/mnt/c/Users/ALI/Projects/Salam/src/stage/value/type.h:26:9: error: unknown type name ‘bool’
   26 |         bool bool_value;                  // Boolean value
      |         ^~~~
In file included from /mnt/c/Users/ALI/Projects/Salam/src/stage/token/type.h:10,
                 from /mnt/c/Users/ALI/Projects/Salam/src/stage/scanner/type.h:14,
                 from /mnt/c/Users/ALI/Projects/Salam/src/stage/parser/type.h:10,
                 from /mnt/c/Users/ALI/Projects/Salam/src/stage/parser/parser_expect_get/parser_expect_get.h:11,
                 from ./stage/parser/parser_expect_get/parser_expect_get.c:1:
/mnt/c/Users/ALI/Projects/Salam/src/stage/value/type.h:26:9: error: unknown type name ‘bool’
   26 |         bool bool_value;                  // Boolean value
      |         ^~~~
In file included from /mnt/c/Users/ALI/Projects/Salam/src/stage/token/type.h:10,
                 from /mnt/c/Users/ALI/Projects/Salam/src/stage/scanner/type.h:14,
                 from /mnt/c/Users/ALI/Projects/Salam/src/stage/parser/type.h:10,
                 from /mnt/c/Users/ALI/Projects/Salam/src/stage/parser/parser_json/parser_json.h:18,
                 from ./stage/parser/parser_json/parser_json.c:1:
/mnt/c/Users/ALI/Projects/Salam/src/stage/value/type.h:26:9: error: unknown type name ‘bool’
   26 |         bool bool_value;                  // Boolean value
      |         ^~~~
In file included from /mnt/c/Users/ALI/Projects/Salam/src/stage/token/type.h:10,
                 from /mnt/c/Users/ALI/Projects/Salam/src/stage/scanner/type.h:14,
                 from /mnt/c/Users/ALI/Projects/Salam/src/stage/parser/type.h:10,
                 from /mnt/c/Users/ALI/Projects/Salam/src/stage/parser/parser_log/parser_log.h:11,
                 from ./stage/parser/parser_log/parser_log.c:1:
/mnt/c/Users/ALI/Projects/Salam/src/stage/value/type.h:26:9: error: unknown type name ‘bool’
   26 |         bool bool_value;                  // Boolean value
      |         ^~~~
In file included from /mnt/c/Users/ALI/Projects/Salam/src/stage/token/type.h:10,
                 from /mnt/c/Users/ALI/Projects/Salam/src/stage/scanner/type.h:14,
                 from /mnt/c/Users/ALI/Projects/Salam/src/stage/parser/type.h:10,
                 from /mnt/c/Users/ALI/Projects/Salam/src/stage/parser/parser_next/parser_next.h:11,
                 from ./stage/parser/parser_next/parser_next.c:1:
/mnt/c/Users/ALI/Projects/Salam/src/stage/value/type.h:26:9: error: unknown type name ‘bool’
   26 |         bool bool_value;                  // Boolean value
      |         ^~~~
In file included from /mnt/c/Users/ALI/Projects/Salam/src/stage/token/type.h:10,
                 from /mnt/c/Users/ALI/Projects/Salam/src/stage/scanner/type.h:14,
                 from /mnt/c/Users/ALI/Projects/Salam/src/stage/parser/type.h:10,
                 from /mnt/c/Users/ALI/Projects/Salam/src/stage/parser/parser_expect/parser_expect.h:11,
                 from ./stage/parser/parser_operator_expect/parser_operator_expect.c:1:
/mnt/c/Users/ALI/Projects/Salam/src/stage/value/type.h:26:9: error: unknown type name ‘bool’
   26 |         bool bool_value;                  // Boolean value
      |         ^~~~
./stage/parser/parser_parse/parser_parse_all/parser_parse_all.c:1:10: fatal error: stage/parser/parser_parse_all/parser_parse_all.h: No such file or directory
    1 | #include <stage/parser/parser_parse_all/parser_parse_all.h>
      |          ^~~~~~~~~~~~~~~~~~~~~~~~~~~~~~~~~~~~~~~~~~~~~~~~~~
compilation terminated.
./stage/parser/parser_parse/parser_parse_arguments/parser_parse_arguments.c:1:10: fatal error: stage/parser/parser_parse_arguments/parser_parse_arguments.h: No such file or directory
    1 | #include <stage/parser/parser_parse_arguments/parser_parse_arguments.h>
      |          ^~~~~~~~~~~~~~~~~~~~~~~~~~~~~~~~~~~~~~~~~~~~~~~~~~~~~~~~~~~~~~
compilation terminated.
./stage/parser/parser_parse/parser_parse_block/parser_parse_block.c:1:10: fatal error: stage/parser/parser_parse_block/parser_parse_block.h: No such file or directory
    1 | #include <stage/parser/parser_parse_block/parser_parse_block.h>
      |          ^~~~~~~~~~~~~~~~~~~~~~~~~~~~~~~~~~~~~~~~~~~~~~~~~~~~~~
compilation terminated.
./stage/parser/parser_parse/parser_parse_function_decl/parser_parse_function_decl.c:1:10: fatal error: stage/parser/parser_parse_function_decl/parser_parse_function_decl.h: No such file or directory
    1 | #include <stage/parser/parser_parse_function_decl/parser_parse_function_decl.h>
      |          ^~~~~~~~~~~~~~~~~~~~~~~~~~~~~~~~~~~~~~~~~~~~~~~~~~~~~~~~~~~~~~~~~~~~~~
compilation terminated.
In file included from /mnt/c/Users/ALI/Projects/Salam/src/stage/parser/parser_parse/parser_parse_node/parser_parse_node.h:12,
                 from ./stage/parser/parser_parse/parser_parse_node/parser_parse_node.c:1:
/mnt/c/Users/ALI/Projects/Salam/src/stage/ast/type.h:84:5: error: unknown type name ‘value_t’
   84 |     value_t* value;
      |     ^~~~~~~
/mnt/c/Users/ALI/Projects/Salam/src/stage/ast/type.h:111:5: error: unknown type name ‘token_operator_type_t’
  111 |     token_operator_type_t op_type;
      |     ^~~~~~~~~~~~~~~~~~~~~
/mnt/c/Users/ALI/Projects/Salam/src/stage/ast/type.h:189:9: warning: struct has no members [-Wpedantic]
  189 | typedef struct
      |         ^~~~~~
/mnt/c/Users/ALI/Projects/Salam/src/stage/ast/type.h:222:5: error: unknown type name ‘bool’
  222 |     bool is_last; // true if this is the last statement in the if
      |     ^~~~
/mnt/c/Users/ALI/Projects/Salam/src/stage/ast/type.h:298:3: error: conflicting types for ‘ast_kind_type_t’; have ‘enum <anonymous>’
  298 | } ast_kind_type_t;
      |   ^~~~~~~~~~~~~~~
/mnt/c/Users/ALI/Projects/Salam/src/stage/ast/type.h:173:3: note: previous declaration of ‘ast_kind_type_t’ with type ‘ast_kind_type_t’
  173 | } ast_kind_type_t;
      |   ^~~~~~~~~~~~~~~
/mnt/c/Users/ALI/Projects/Salam/src/stage/ast/type.h:305:5: error: unknown type name ‘bool’
  305 |     bool is_pointer;
      |     ^~~~
/mnt/c/Users/ALI/Projects/Salam/src/stage/ast/type.h:306:5: error: unknown type name ‘bool’
  306 |     bool is_reference;
      |     ^~~~
/mnt/c/Users/ALI/Projects/Salam/src/stage/ast/type.h:307:5: error: unknown type name ‘bool’
  307 |     bool is_const;
      |     ^~~~
In file included from /mnt/c/Users/ALI/Projects/Salam/src/stage/token/type.h:10,
                 from /mnt/c/Users/ALI/Projects/Salam/src/stage/scanner/type.h:14,
                 from /mnt/c/Users/ALI/Projects/Salam/src/stage/parser/type.h:10,
                 from /mnt/c/Users/ALI/Projects/Salam/src/stage/parser/parser_parse/parser_parse_node/parser_parse_node.h:15:
/mnt/c/Users/ALI/Projects/Salam/src/stage/value/type.h:26:9: error: unknown type name ‘bool’
   26 |         bool bool_value;                  // Boolean value
      |         ^~~~
/mnt/c/Users/ALI/Projects/Salam/src/stage/parser/parser_parse/parser_parse_node/parser_parse_node.h:21:10: fatal error: stage/parser/parser_parse_function_decl/parser_parse_function_decl.h: No such file or directory
   21 | #include <stage/parser/parser_parse_function_decl/parser_parse_function_decl.h>
      |          ^~~~~~~~~~~~~~~~~~~~~~~~~~~~~~~~~~~~~~~~~~~~~~~~~~~~~~~~~~~~~~~~~~~~~~
compilation terminated.
./stage/parser/parser_parse/parser_parse_parameters/parser_parse_parameters.c:1:10: fatal error: stage/parser/parser_parse_parameters/parser_parse_parameters.h: No such file or directory
    1 | #include <stage/parser/parser_parse_parameters/parser_parse_parameters.h>
      |          ^~~~~~~~~~~~~~~~~~~~~~~~~~~~~~~~~~~~~~~~~~~~~~~~~~~~~~~~~~~~~~~~
compilation terminated.
./stage/parser/parser_parse/parser_parse_statement/parser_parse_statement.c:1:10: fatal error: stage/parser/parser_parse_statement/parser_parse_statement.h: No such file or directory
    1 | #include <stage/parser/parser_parse_statement/parser_parse_statement.h>
      |          ^~~~~~~~~~~~~~~~~~~~~~~~~~~~~~~~~~~~~~~~~~~~~~~~~~~~~~~~~~~~~~
compilation terminated.
In file included from /mnt/c/Users/ALI/Projects/Salam/src/stage/token/type.h:10,
                 from /mnt/c/Users/ALI/Projects/Salam/src/stage/scanner/type.h:14,
                 from /mnt/c/Users/ALI/Projects/Salam/src/stage/parser/type.h:10,
                 from /mnt/c/Users/ALI/Projects/Salam/src/stage/parser/parser_prev/parser_prev.h:11,
                 from ./stage/parser/parser_prev/parser_prev.c:1:
/mnt/c/Users/ALI/Projects/Salam/src/stage/value/type.h:26:9: error: unknown type name ‘bool’
   26 |         bool bool_value;                  // Boolean value
      |         ^~~~
In file included from /mnt/c/Users/ALI/Projects/Salam/src/stage/token/type.h:10,
                 from /mnt/c/Users/ALI/Projects/Salam/src/stage/scanner/type.h:14,
                 from /mnt/c/Users/ALI/Projects/Salam/src/stage/scanner/scanner_create/scanner_create.h:14,
                 from ./stage/scanner/scanner_create/scanner_create.c:1:
/mnt/c/Users/ALI/Projects/Salam/src/stage/value/type.h:26:9: error: unknown type name ‘bool’
   26 |         bool bool_value;                  // Boolean value
      |         ^~~~
In file included from /mnt/c/Users/ALI/Projects/Salam/src/stage/token/type.h:10,
                 from /mnt/c/Users/ALI/Projects/Salam/src/stage/scanner/type.h:14,
                 from /mnt/c/Users/ALI/Projects/Salam/src/stage/scanner/scanner_destroy/scanner_destroy.h:15,
                 from ./stage/scanner/scanner_destroy/scanner_destroy.c:1:
/mnt/c/Users/ALI/Projects/Salam/src/stage/value/type.h:26:9: error: unknown type name ‘bool’
   26 |         bool bool_value;                  // Boolean value
      |         ^~~~
In file included from /mnt/c/Users/ALI/Projects/Salam/src/stage/token/type.h:10,
                 from /mnt/c/Users/ALI/Projects/Salam/src/stage/scanner/type.h:14,
                 from /mnt/c/Users/ALI/Projects/Salam/src/stage/scanner/scanner_json/scanner_json.h:22,
                 from ./stage/scanner/scanner_json/scanner_json.c:1:
/mnt/c/Users/ALI/Projects/Salam/src/stage/value/type.h:26:9: error: unknown type name ‘bool’
   26 |         bool bool_value;                  // Boolean value
      |         ^~~~
In file included from /mnt/c/Users/ALI/Projects/Salam/src/stage/token/type.h:10,
                 from /mnt/c/Users/ALI/Projects/Salam/src/stage/scanner/type.h:14,
                 from /mnt/c/Users/ALI/Projects/Salam/src/stage/scanner/scanner_log/scanner_log.h:12,
                 from ./stage/scanner/scanner_log/scanner_log.c:1:
/mnt/c/Users/ALI/Projects/Salam/src/stage/value/type.h:26:9: error: unknown type name ‘bool’
   26 |         bool bool_value;                  // Boolean value
      |         ^~~~
In file included from /mnt/c/Users/ALI/Projects/Salam/src/stage/token/type.h:10,
                 from /mnt/c/Users/ALI/Projects/Salam/src/stage/scanner/type.h:14,
                 from /mnt/c/Users/ALI/Projects/Salam/src/stage/scanner/scanner_scan_comment_inline/scanner_scan_comment_inline.h:5,
                 from ./stage/scanner/scanner_scan_comment_inline/scanner_scan_comment_inline.c:1:
/mnt/c/Users/ALI/Projects/Salam/src/stage/value/type.h:26:9: error: unknown type name ‘bool’
   26 |         bool bool_value;                  // Boolean value
      |         ^~~~
In file included from /mnt/c/Users/ALI/Projects/Salam/src/stage/token/type.h:10,
                 from /mnt/c/Users/ALI/Projects/Salam/src/stage/scanner/type.h:14,
                 from /mnt/c/Users/ALI/Projects/Salam/src/stage/scanner/scanner_scan_comment_multiline/scanner_scan_comment_multiline.h:5,
                 from ./stage/scanner/scanner_scan_comment_multiline/scanner_scan_comment_multiline.c:1:
/mnt/c/Users/ALI/Projects/Salam/src/stage/value/type.h:26:9: error: unknown type name ‘bool’
   26 |         bool bool_value;                  // Boolean value
      |         ^~~~
In file included from /mnt/c/Users/ALI/Projects/Salam/src/stage/token/type.h:10,
                 from /mnt/c/Users/ALI/Projects/Salam/src/stage/scanner/scanner_scan_string/scanner_scan_string.h:20,
                 from ./stage/scanner/scanner_scan_string/scanner_scan_string.c:1:
/mnt/c/Users/ALI/Projects/Salam/src/stage/value/type.h:26:9: error: unknown type name ‘bool’
   26 |         bool bool_value;                  // Boolean value
      |         ^~~~
In file included from /mnt/c/Users/ALI/Projects/Salam/src/stage/token/type.h:10,
                 from /mnt/c/Users/ALI/Projects/Salam/src/stage/scanner/type.h:14,
                 from /mnt/c/Users/ALI/Projects/Salam/src/stage/scanner/scanner_set/scanner_set.h:8,
                 from ./stage/scanner/scanner_set/scanner_set.c:1:
/mnt/c/Users/ALI/Projects/Salam/src/stage/value/type.h:26:9: error: unknown type name ‘bool’
   26 |         bool bool_value;                  // Boolean value
      |         ^~~~
In file included from /mnt/c/Users/ALI/Projects/Salam/src/stage/token/type.h:10,
                 from /mnt/c/Users/ALI/Projects/Salam/src/stage/token/token_char_type/token_char_type.h:5,
                 from ./stage/token/token_char_type/token_char_type.c:1:
/mnt/c/Users/ALI/Projects/Salam/src/stage/value/type.h:26:9: error: unknown type name ‘bool’
   26 |         bool bool_value;                  // Boolean value
      |         ^~~~
In file included from /mnt/c/Users/ALI/Projects/Salam/src/stage/token/type.h:10,
                 from /mnt/c/Users/ALI/Projects/Salam/src/stage/token/token_create/token_create.h:5,
                 from ./stage/token/token_create/token_create.c:1:
/mnt/c/Users/ALI/Projects/Salam/src/stage/value/type.h:26:9: error: unknown type name ‘bool’
   26 |         bool bool_value;                  // Boolean value
      |         ^~~~
In file included from /mnt/c/Users/ALI/Projects/Salam/src/stage/token/type.h:10,
                 from /mnt/c/Users/ALI/Projects/Salam/src/stage/token/token_free/token_free.h:10,
                 from ./stage/token/token_free/token_free.c:1:
/mnt/c/Users/ALI/Projects/Salam/src/stage/value/type.h:26:9: error: unknown type name ‘bool’
   26 |         bool bool_value;                  // Boolean value
      |         ^~~~
In file included from /mnt/c/Users/ALI/Projects/Salam/src/stage/token/type.h:10,
                 from /mnt/c/Users/ALI/Projects/Salam/src/stage/token/token_json/token_json.h:21,
                 from ./stage/token/token_json/token_json.c:1:
/mnt/c/Users/ALI/Projects/Salam/src/stage/value/type.h:26:9: error: unknown type name ‘bool’
   26 |         bool bool_value;                  // Boolean value
      |         ^~~~
In file included from /mnt/c/Users/ALI/Projects/Salam/src/stage/token/type.h:10,
                 from /mnt/c/Users/ALI/Projects/Salam/src/stage/token/token_keyword_type/token_keyword_type.h:8,
                 from ./stage/token/token_keyword_type/token_keyword_type.c:1:
/mnt/c/Users/ALI/Projects/Salam/src/stage/value/type.h:26:9: error: unknown type name ‘bool’
   26 |         bool bool_value;                  // Boolean value
      |         ^~~~
In file included from /mnt/c/Users/ALI/Projects/Salam/src/stage/token/type.h:10,
                 from /mnt/c/Users/ALI/Projects/Salam/src/stage/token/token_location_json/token_location_json.h:16,
                 from ./stage/token/token_location_json/token_location_json.c:1:
/mnt/c/Users/ALI/Projects/Salam/src/stage/value/type.h:26:9: error: unknown type name ‘bool’
   26 |         bool bool_value;                  // Boolean value
      |         ^~~~
In file included from /mnt/c/Users/ALI/Projects/Salam/src/stage/token/type.h:10,
                 from /mnt/c/Users/ALI/Projects/Salam/src/stage/token/token_log/token_log.h:8,
                 from ./stage/token/token_log/token_log.c:1:
/mnt/c/Users/ALI/Projects/Salam/src/stage/value/type.h:26:9: error: unknown type name ‘bool’
   26 |         bool bool_value;                  // Boolean value
      |         ^~~~
In file included from /mnt/c/Users/ALI/Projects/Salam/src/stage/token/type.h:10,
                 from /mnt/c/Users/ALI/Projects/Salam/src/stage/token/token_name/token_name.h:8,
                 from ./stage/token/token_name/token_name.c:1:
/mnt/c/Users/ALI/Projects/Salam/src/stage/value/type.h:26:9: error: unknown type name ‘bool’
   26 |         bool bool_value;                  // Boolean value
      |         ^~~~
In file included from /mnt/c/Users/ALI/Projects/Salam/src/stage/token/type.h:10,
                 from /mnt/c/Users/ALI/Projects/Salam/src/stage/token/token_operator_name/token_operator_name.h:8,
                 from ./stage/token/token_operator_name/token_operator_name.c:1:
/mnt/c/Users/ALI/Projects/Salam/src/stage/value/type.h:26:9: error: unknown type name ‘bool’
   26 |         bool bool_value;                  // Boolean value
      |         ^~~~
In file included from /mnt/c/Users/ALI/Projects/Salam/src/stage/token/type.h:10,
                 from /mnt/c/Users/ALI/Projects/Salam/src/stage/token/token_type/token_type.h:5,
                 from ./stage/token/token_type/token_type.c:1:
/mnt/c/Users/ALI/Projects/Salam/src/stage/value/type.h:26:9: error: unknown type name ‘bool’
   26 |         bool bool_value;                  // Boolean value
      |         ^~~~
In file included from /mnt/c/Users/ALI/Projects/Salam/src/stage/value/value_create/value_create.h:11,
                 from ./stage/value/value_create/value_create.c:1:
/mnt/c/Users/ALI/Projects/Salam/src/stage/value/type.h:26:9: error: unknown type name ‘bool’
   26 |         bool bool_value;                  // Boolean value
      |         ^~~~
In file included from /mnt/c/Users/ALI/Projects/Salam/src/stage/value/value_destroy/value_destroy.h:8,
                 from ./stage/value/value_destroy/value_destroy.c:1:
/mnt/c/Users/ALI/Projects/Salam/src/stage/value/type.h:26:9: error: unknown type name ‘bool’
   26 |         bool bool_value;                  // Boolean value
      |         ^~~~
In file included from /mnt/c/Users/ALI/Projects/Salam/src/stage/value/value_json/value_json.h:22,
                 from ./stage/value/value_json/value_json.c:1:
/mnt/c/Users/ALI/Projects/Salam/src/stage/value/type.h:26:9: error: unknown type name ‘bool’
   26 |         bool bool_value;                  // Boolean value
      |         ^~~~
In file included from /mnt/c/Users/ALI/Projects/Salam/src/stage/value/value_log/value_log.h:8,
                 from ./stage/value/value_log/value_log.c:1:
/mnt/c/Users/ALI/Projects/Salam/src/stage/value/type.h:26:9: error: unknown type name ‘bool’
   26 |         bool bool_value;                  // Boolean value
      |         ^~~~
In file included from /mnt/c/Users/ALI/Projects/Salam/src/stage/value/value_name/value_name.h:5,
                 from ./stage/value/value_name/value_name.c:1:
/mnt/c/Users/ALI/Projects/Salam/src/stage/value/type.h:26:9: error: unknown type name ‘bool’
   26 |         bool bool_value;                  // Boolean value
      |         ^~~~
